<!DOCTYPE html PUBLIC "-//W3C//DTD XHTML 1.1//EN" "https://www.w3.org/TR/xhtml11/DTD/xhtml11.dtd">
<html xmlns="https://www.w3.org/1999/xhtml">
<head>
<meta charset='utf-8'>
<title>TestNG Report</title>
<style type="text/css">
table {margin-bottom:10px;border-collapse:collapse;empty-cells:show}
td,th {border:1px solid #009;padding:.25em .5em}
.result th {vertical-align:bottom}
.param th {padding-left:1em;padding-right:1em}
.param td {padding-left:.5em;padding-right:2em}
.stripe td,.stripe th {background-color: #E6EBF9}
.numi,.numi_attn {text-align:right}
.total td {font-weight:bold}
.passedodd td {background-color: #0A0}
.passedeven td {background-color: #3F3}
.skippedodd td {background-color: #CCC}
.skippedodd td {background-color: #DDD}
.failedodd td,.numi_attn {background-color: #F33}
.failedeven td,.stripe .numi_attn {background-color: #D00}
.stacktrace {white-space:pre;font-family:monospace}
.totop {font-size:85%;text-align:center;border-bottom:2px solid #000}
</style>
</head>
<body>
<table cellspacing="0" cellpadding="0" class="testOverview">
<tr><th>Test</th><th>Methods<br/>Passed</th><th>Scenarios<br/>Passed</th><th># skipped</th><th># failed</th><th>Total<br/>Time</th><th>Included<br/>Groups</th><th>Excluded<br/>Groups</th></tr>
<tr><td style="text-align:left;padding-right:2em"><a href="#t1">/Users/ivosorokins/Downloads/files/sorokins_mob_automation_23</a></td><td class="numi">76</td><td class="numi">65</td><td class="numi">0</td><td class="numi_attn">49</td><td class="numi">1,963.8 seconds</td><td class="numi"></td><td class="numi"></td></tr>
</table>
<table cellspacing="0" cellpadding="0" class="methodOverview" id="summary">
<tr><th>Class</th><th>Method</th><th># of<br/>Scenarios</th><th>Start</th><th>Time<br/>(ms)</th></tr>
<tr id="t1"><th colspan="5">/Users/ivosorokins/Downloads/files/sorokins_mob_automation_23 &#8212; failed</th></tr>
<tr class="failedodd"><td rowspan="49">TestCases</td><td><a href="#m1"><b>accountRegistration_7</b> (Account Registration, TC7) ("User is not able to register Account with invalid password")</a></td><td class="numi">3</td><td>1686404656570</td><td class="numi">156787</td></tr><tr class="failedodd"><td><a href="#m2"><b>accountRegistration_7</b> (Account Registration, TC7) ("User is not able to register Account with invalid password")</a></td><td class="numi">3</td><td>1686404656570</td><td class="numi">156787</td></tr><tr class="failedodd"><td><a href="#m3"><b>accountRegistration_7</b> (Account Registration, TC7) ("User is not able to register Account with invalid password")</a></td><td class="numi">3</td><td>1686404656570</td><td class="numi">156787</td></tr><tr class="failedodd"><td><a href="#m4"><b>questMode_13</b> (TC13, Guest mode) ("User navigates to sign up page in guest mode")</a></td><td class="numi">1</td><td>1686405184912</td><td class="numi">25592</td></tr><tr class="failedodd"><td><a href="#m5"><b>accountRegistration_6</b> (Account Registration, TC6) ("User is not able to register Account with invalid Email")</a></td><td class="numi">8</td><td>1686404048698</td><td class="numi">337046</td></tr><tr class="failedodd"><td><a href="#m6"><b>accountRegistration_6</b> (Account Registration, TC6) ("User is not able to register Account with invalid Email")</a></td><td class="numi">8</td><td>1686404048698</td><td class="numi">337046</td></tr><tr class="failedodd"><td><a href="#m7"><b>accountRegistration_6</b> (Account Registration, TC6) ("User is not able to register Account with invalid Email")</a></td><td class="numi">8</td><td>1686404048698</td><td class="numi">337046</td></tr><tr class="failedodd"><td><a href="#m8"><b>accountRegistration_7</b> (Account Registration, TC7) ("User is not able to register Account with invalid password")</a></td><td class="numi">3</td><td>1686404656570</td><td class="numi">156787</td></tr><tr class="failedodd"><td><a href="#m9"><b>accountRegistration_7</b> (Account Registration, TC7) ("User is not able to register Account with invalid password")</a></td><td class="numi">3</td><td>1686404656570</td><td class="numi">156787</td></tr><tr class="failedodd"><td><a href="#m10"><b>accountRegistration_7</b> (Account Registration, TC7) ("User is not able to register Account with invalid password")</a></td><td class="numi">3</td><td>1686404656570</td><td class="numi">156787</td></tr><tr class="failedodd"><td><a href="#m11"><b>accountRegistration_6</b> (Account Registration, TC6) ("User is not able to register Account with invalid Email")</a></td><td class="numi">8</td><td>1686404048698</td><td class="numi">337046</td></tr><tr class="failedodd"><td><a href="#m12"><b>accountRegistration_6</b> (Account Registration, TC6) ("User is not able to register Account with invalid Email")</a></td><td class="numi">8</td><td>1686404048698</td><td class="numi">337046</td></tr><tr class="failedodd"><td><a href="#m13"><b>accountRegistration_6</b> (Account Registration, TC6) ("User is not able to register Account with invalid Email")</a></td><td class="numi">8</td><td>1686404048698</td><td class="numi">337046</td></tr><tr class="failedodd"><td><a href="#m14"><b>accountRegistration_7</b> (Account Registration, TC7) ("User is not able to register Account with invalid password")</a></td><td class="numi">3</td><td>1686404656570</td><td class="numi">156787</td></tr><tr class="failedodd"><td><a href="#m15"><b>accountRegistration_6</b> (Account Registration, TC6) ("User is not able to register Account with invalid Email")</a></td><td class="numi">8</td><td>1686404048698</td><td class="numi">337046</td></tr><tr class="failedodd"><td><a href="#m16"><b>shareFunctionality_27</b> (TC27, Share functionality) ("User shares item via messages")</a></td><td class="numi">1</td><td>1686405698607</td><td class="numi">52158</td></tr><tr class="failedodd"><td><a href="#m17"><b>accountRegistration_6</b> (Account Registration, TC6) ("User is not able to register Account with invalid Email")</a></td><td class="numi">8</td><td>1686404048698</td><td class="numi">337046</td></tr><tr class="failedodd"><td><a href="#m18"><b>searchFunctionality_16</b> (Search functionality, TC16) ("User searches for item using search bar")</a></td><td class="numi">1</td><td>1686405263688</td><td class="numi">41686</td></tr><tr class="failedodd"><td><a href="#m19"><b>accountRegistration_6</b> (Account Registration, TC6) ("User is not able to register Account with invalid Email")</a></td><td class="numi">8</td><td>1686404048698</td><td class="numi">337046</td></tr><tr class="failedodd"><td><a href="#m20"><b>accountRegistration_7</b> (Account Registration, TC7) ("User is not able to register Account with invalid password")</a></td><td class="numi">3</td><td>1686404656570</td><td class="numi">156787</td></tr><tr class="failedodd"><td><a href="#m21"><b>guestMode_14</b> (TC14, Guest mode) ("User navigates to Login page in guest mode")</a></td><td class="numi">1</td><td>1686405212887</td><td class="numi">24275</td></tr><tr class="failedodd"><td><a href="#m22"><b>searchFunctionality_18</b> (Search functionality, TC18) ("User clears search bar by clear")</a></td><td class="numi">1</td><td>1686405337368</td><td class="numi">43422</td></tr><tr class="failedodd"><td><a href="#m23"><b>accountRegistration_6</b> (Account Registration, TC6) ("User is not able to register Account with invalid Email")</a></td><td class="numi">8</td><td>1686404048698</td><td class="numi">337046</td></tr><tr class="failedodd"><td><a href="#m24"><b>accountRegistration_7</b> (Account Registration, TC7) ("User is not able to register Account with invalid password")</a></td><td class="numi">3</td><td>1686404656570</td><td class="numi">156787</td></tr><tr class="failedodd"><td><a href="#m25"><b>accountRegistration_6</b> (Account Registration, TC6) ("User is not able to register Account with invalid Email")</a></td><td class="numi">8</td><td>1686404048698</td><td class="numi">337046</td></tr><tr class="failedodd"><td><a href="#m26"><b>accountRegistration_6</b> (Account Registration, TC6) ("User is not able to register Account with invalid Email")</a></td><td class="numi">8</td><td>1686404048698</td><td class="numi">337046</td></tr><tr class="failedodd"><td><a href="#m27"><b>accountRegistration_6</b> (Account Registration, TC6) ("User is not able to register Account with invalid Email")</a></td><td class="numi">8</td><td>1686404048698</td><td class="numi">337046</td></tr><tr class="failedodd"><td><a href="#m28"><b>accountRegistration_6</b> (Account Registration, TC6) ("User is not able to register Account with invalid Email")</a></td><td class="numi">8</td><td>1686404048698</td><td class="numi">337046</td></tr><tr class="failedodd"><td><a href="#m29"><b>accountRegistration_8</b> (Account Registration, TC8) ("User registers new Account")</a></td><td class="numi">1</td><td>1686404816246</td><td class="numi">30676</td></tr><tr class="failedodd"><td><a href="#m30"><b>accountRegistration_7</b> (Account Registration, TC7) ("User is not able to register Account with invalid password")</a></td><td class="numi">3</td><td>1686404656570</td><td class="numi">156787</td></tr><tr class="failedodd"><td><a href="#m31"><b>wishListFunctionality_26</b> (TC26, Wishlist functionality) ("User navigates to item from 'Chosen for you'")</a></td><td class="numi">1</td><td>1686405655161</td><td class="numi">41835</td></tr><tr class="failedodd"><td><a href="#m32"><b>accountRegistration_7</b> (Account Registration, TC7) ("User is not able to register Account with invalid password")</a></td><td class="numi">3</td><td>1686404656570</td><td class="numi">156787</td></tr><tr class="failedodd"><td><a href="#m33"><b>accountRegistration_7</b> (Account Registration, TC7) ("User is not able to register Account with invalid password")</a></td><td class="numi">3</td><td>1686404656570</td><td class="numi">156787</td></tr><tr class="failedodd"><td><a href="#m34"><b>accountRegistration_6</b> (Account Registration, TC6) ("User is not able to register Account with invalid Email")</a></td><td class="numi">8</td><td>1686404048698</td><td class="numi">337046</td></tr><tr class="failedodd"><td><a href="#m35"><b>accountRegistration_6</b> (Account Registration, TC6) ("User is not able to register Account with invalid Email")</a></td><td class="numi">8</td><td>1686404048698</td><td class="numi">337046</td></tr><tr class="failedodd"><td><a href="#m36"><b>accountRegistration_7</b> (Account Registration, TC7) ("User is not able to register Account with invalid password")</a></td><td class="numi">3</td><td>1686404656570</td><td class="numi">156787</td></tr><tr class="failedodd"><td><a href="#m37"><b>accountRegistration_7</b> (Account Registration, TC7) ("User is not able to register Account with invalid password")</a></td><td class="numi">3</td><td>1686404656570</td><td class="numi">156787</td></tr><tr class="failedodd"><td><a href="#m38"><b>accountRegistration_7</b> (Account Registration, TC7) ("User is not able to register Account with invalid password")</a></td><td class="numi">3</td><td>1686404656570</td><td class="numi">156787</td></tr><tr class="failedodd"><td><a href="#m39"><b>accountRegistration_7</b> (Account Registration, TC7) ("User is not able to register Account with invalid password")</a></td><td class="numi">3</td><td>1686404656570</td><td class="numi">156787</td></tr><tr class="failedodd"><td><a href="#m40"><b>accountRegistration_6</b> (Account Registration, TC6) ("User is not able to register Account with invalid Email")</a></td><td class="numi">8</td><td>1686404048698</td><td class="numi">337046</td></tr><tr class="failedodd"><td><a href="#m41"><b>accountRegistration_7</b> (Account Registration, TC7) ("User is not able to register Account with invalid password")</a></td><td class="numi">3</td><td>1686404656570</td><td class="numi">156787</td></tr><tr class="failedodd"><td><a href="#m42"><b>accountRegistration_7</b> (Account Registration, TC7) ("User is not able to register Account with invalid password")</a></td><td class="numi">3</td><td>1686404656570</td><td class="numi">156787</td></tr><tr class="failedodd"><td><a href="#m43"><b>accountRegistration_7</b> (Account Registration, TC7) ("User is not able to register Account with invalid password")</a></td><td class="numi">3</td><td>1686404656570</td><td class="numi">156787</td></tr><tr class="failedodd"><td><a href="#m44"><b>accountRegistration_7</b> (Account Registration, TC7) ("User is not able to register Account with invalid password")</a></td><td class="numi">3</td><td>1686404656570</td><td class="numi">156787</td></tr><tr class="failedodd"><td><a href="#m45"><b>itemFunctionality_19</b> (TC19, Item functionality) ("User navigates to item sub-category")</a></td><td class="numi">1</td><td>1686405382795</td><td class="numi">40238</td></tr><tr class="failedodd"><td><a href="#m46"><b>accountRegistration_6</b> (Account Registration, TC6) ("User is not able to register Account with invalid Email")</a></td><td class="numi">8</td><td>1686404048698</td><td class="numi">337046</td></tr><tr class="failedodd"><td><a href="#m47"><b>shareFunctionality_28</b> (TC28, Share functionality) ("User shares item via copied link")</a></td><td class="numi">1</td><td>1686405752731</td><td class="numi">39839</td></tr><tr class="failedodd"><td><a href="#m48"><b>accountRegistration_6</b> (Account Registration, TC6) ("User is not able to register Account with invalid Email")</a></td><td class="numi">8</td><td>1686404048698</td><td class="numi">337046</td></tr><tr class="failedodd"><td><a href="#m49"><b>accountRegistration_6</b> (Account Registration, TC6) ("User is not able to register Account with invalid Email")</a></td><td class="numi">8</td><td>1686404048698</td><td class="numi">337046</td></tr>
<tr><th colspan="5">/Users/ivosorokins/Downloads/files/sorokins_mob_automation_23 &#8212; passed</th></tr>
<tr class="passedodd"><td rowspan="76">TestCases</td><td><a href="#m50"><b>cartFunctionality_21</b> (TC21, Cart functionality) ("User puts item into cart")</a></td><td class="numi">1</td><td>1686405460311</td><td class="numi">38161</td></tr><tr class="passedodd"><td><a href="#m51"><b>accountRegistration_7</b> (Account Registration, TC7) ("User is not able to register Account with invalid password")</a></td><td class="numi">17</td><td>1686404387684</td><td class="numi">357400</td></tr><tr class="passedodd"><td><a href="#m52"><b>accountRegistration_7</b> (Account Registration, TC7) ("User is not able to register Account with invalid password")</a></td><td class="numi">17</td><td>1686404387684</td><td class="numi">357400</td></tr><tr class="passedodd"><td><a href="#m53"><b>accountRegistration_7</b> (Account Registration, TC7) ("User is not able to register Account with invalid password")</a></td><td class="numi">17</td><td>1686404387684</td><td class="numi">357400</td></tr><tr class="passedodd"><td><a href="#m54"><b>LogIn_11</b> (TC11, Log in) ("Users can't Log in with Invalid credentials")</a></td><td class="numi">20</td><td>1686404881570</td><td class="numi">290040</td></tr><tr class="passedodd"><td><a href="#m55"><b>LogIn_11</b> (TC11, Log in) ("Users can't Log in with Invalid credentials")</a></td><td class="numi">20</td><td>1686404881570</td><td class="numi">290040</td></tr><tr class="passedodd"><td><a href="#m56"><b>accountRegistration_6</b> (Account Registration, TC6) ("User is not able to register Account with invalid Email")</a></td><td class="numi">12</td><td>1686403882943</td><td class="numi">332843</td></tr><tr class="passedodd"><td><a href="#m57"><b>accountRegistration_6</b> (Account Registration, TC6) ("User is not able to register Account with invalid Email")</a></td><td class="numi">12</td><td>1686403882943</td><td class="numi">332843</td></tr><tr class="passedodd"><td><a href="#m58"><b>LogIn_11</b> (TC11, Log in) ("Users can't Log in with Invalid credentials")</a></td><td class="numi">20</td><td>1686404881570</td><td class="numi">290040</td></tr><tr class="passedodd"><td><a href="#m59"><b>accountRegistration_6</b> (Account Registration, TC6) ("User is not able to register Account with invalid Email")</a></td><td class="numi">12</td><td>1686403882943</td><td class="numi">332843</td></tr><tr class="passedodd"><td><a href="#m60"><b>accountRegistration_7</b> (Account Registration, TC7) ("User is not able to register Account with invalid password")</a></td><td class="numi">17</td><td>1686404387684</td><td class="numi">357400</td></tr><tr class="passedodd"><td><a href="#m61"><b>accountRegistration_7</b> (Account Registration, TC7) ("User is not able to register Account with invalid password")</a></td><td class="numi">17</td><td>1686404387684</td><td class="numi">357400</td></tr><tr class="passedodd"><td><a href="#m62"><b>accountRegistration_7</b> (Account Registration, TC7) ("User is not able to register Account with invalid password")</a></td><td class="numi">17</td><td>1686404387684</td><td class="numi">357400</td></tr><tr class="passedodd"><td><a href="#m63"><b>accountRegistration_6</b> (Account Registration, TC6) ("User is not able to register Account with invalid Email")</a></td><td class="numi">12</td><td>1686403882943</td><td class="numi">332843</td></tr><tr class="passedodd"><td><a href="#m64"><b>LogIn_11</b> (TC11, Log in) ("Users can't Log in with Invalid credentials")</a></td><td class="numi">20</td><td>1686404881570</td><td class="numi">290040</td></tr><tr class="passedodd"><td><a href="#m65"><b>accountRegistration_6</b> (Account Registration, TC6) ("User is not able to register Account with invalid Email")</a></td><td class="numi">12</td><td>1686403882943</td><td class="numi">332843</td></tr><tr class="passedodd"><td><a href="#m66"><b>accountRegistration_6</b> (Account Registration, TC6) ("User is not able to register Account with invalid Email")</a></td><td class="numi">12</td><td>1686403882943</td><td class="numi">332843</td></tr><tr class="passedodd"><td><a href="#m67"><b>LogIn_11</b> (TC11, Log in) ("Users can't Log in with Invalid credentials")</a></td><td class="numi">20</td><td>1686404881570</td><td class="numi">290040</td></tr><tr class="passedodd"><td><a href="#m68"><b>accountRegistration_7</b> (Account Registration, TC7) ("User is not able to register Account with invalid password")</a></td><td class="numi">17</td><td>1686404387684</td><td class="numi">357400</td></tr><tr class="passedodd"><td><a href="#m69"><b>accountRegistration_6</b> (Account Registration, TC6) ("User is not able to register Account with invalid Email")</a></td><td class="numi">12</td><td>1686403882943</td><td class="numi">332843</td></tr><tr class="passedodd"><td><a href="#m70"><b>LogIn_11</b> (TC11, Log in) ("Users can't Log in with Invalid credentials")</a></td><td class="numi">20</td><td>1686404881570</td><td class="numi">290040</td></tr><tr class="passedodd"><td><a href="#m71"><b>logIn_9</b> (Log in, TC9) ("User navigates to Login page through Registration page")</a></td><td class="numi">1</td><td>1686404849547</td><td class="numi">9295</td></tr><tr class="passedodd"><td><a href="#m72"><b>accountRegistration_6</b> (Account Registration, TC6) ("User is not able to register Account with invalid Email")</a></td><td class="numi">12</td><td>1686403882943</td><td class="numi">332843</td></tr><tr class="passedodd"><td><a href="#m73"><b>LogIn_11</b> (TC11, Log in) ("Users can't Log in with Invalid credentials")</a></td><td class="numi">20</td><td>1686404881570</td><td class="numi">290040</td></tr><tr class="passedodd"><td><a href="#m74"><b>searchFunctionality_17</b> (Search functionality, TC17) ("User clears search bar by button")</a></td><td class="numi">1</td><td>1686405306809</td><td class="numi">28172</td></tr><tr class="passedodd"><td><a href="#m75"><b>accountRegistration_4</b> (Account Registration, TC4) ("User navigates to Registration page through Welcome page")</a></td><td class="numi">1</td><td>1686403861358</td><td class="numi">7880</td></tr><tr class="passedodd"><td><a href="#m76"><b>LogIn_11</b> (TC11, Log in) ("Users can't Log in with Invalid credentials")</a></td><td class="numi">20</td><td>1686404881570</td><td class="numi">290040</td></tr><tr class="passedodd"><td><a href="#m77"><b>accountRegistration_6</b> (Account Registration, TC6) ("User is not able to register Account with invalid Email")</a></td><td class="numi">12</td><td>1686403882943</td><td class="numi">332843</td></tr><tr class="passedodd"><td><a href="#m78"><b>LogIn_11</b> (TC11, Log in) ("Users can't Log in with Invalid credentials")</a></td><td class="numi">20</td><td>1686404881570</td><td class="numi">290040</td></tr><tr class="passedodd"><td><a href="#m79"><b>accountRegistration_7</b> (Account Registration, TC7) ("User is not able to register Account with invalid password")</a></td><td class="numi">17</td><td>1686404387684</td><td class="numi">357400</td></tr><tr class="passedodd"><td><a href="#m80"><b>wishListFunctionality_24</b> (User removes item from wishlist, TC24) ("User removes item from wishlist")</a></td><td class="numi">1</td><td>1686405583953</td><td class="numi">28418</td></tr><tr class="passedodd"><td><a href="#m81"><b>accountRegistration_6</b> (Account Registration, TC6) ("User is not able to register Account with invalid Email")</a></td><td class="numi">12</td><td>1686403882943</td><td class="numi">332843</td></tr><tr class="passedodd"><td><a href="#m82"><b>appUninstallation_3</b> (App Uninstallation, TC3) ("App can be uninstalled from the device")</a></td><td class="numi">1</td><td>1686403854731</td><td class="numi">208</td></tr><tr class="passedodd"><td><a href="#m83"><b>accountRegistration_7</b> (Account Registration, TC7) ("User is not able to register Account with invalid password")</a></td><td class="numi">17</td><td>1686404387684</td><td class="numi">357400</td></tr><tr class="passedodd"><td><a href="#m84"><b>accountRegistration_6</b> (Account Registration, TC6) ("User is not able to register Account with invalid Email")</a></td><td class="numi">12</td><td>1686403882943</td><td class="numi">332843</td></tr><tr class="passedodd"><td><a href="#m85"><b>LogIn_11</b> (TC11, Log in) ("Users can't Log in with Invalid credentials")</a></td><td class="numi">20</td><td>1686404881570</td><td class="numi">290040</td></tr><tr class="passedodd"><td><a href="#m86"><b>LogIn_11</b> (TC11, Log in) ("Users can't Log in with Invalid credentials")</a></td><td class="numi">20</td><td>1686404881570</td><td class="numi">290040</td></tr><tr class="passedodd"><td><a href="#m87"><b>accountRegistration_6</b> (Account Registration, TC6) ("User is not able to register Account with invalid Email")</a></td><td class="numi">12</td><td>1686403882943</td><td class="numi">332843</td></tr><tr class="passedodd"><td><a href="#m88"><b>wishListFunctionality_25</b> (Wish functionality, TC25) ("User adds item to wishlist from items page by button")</a></td><td class="numi">1</td><td>1686405615631</td><td class="numi">36907</td></tr><tr class="passedodd"><td><a href="#m89"><b>accountRegistration_6</b> (Account Registration, TC6) ("User is not able to register Account with invalid Email")</a></td><td class="numi">12</td><td>1686403882943</td><td class="numi">332843</td></tr><tr class="passedodd"><td><a href="#m90"><b>accountRegistration_6</b> (Account Registration, TC6) ("User is not able to register Account with invalid Email")</a></td><td class="numi">12</td><td>1686403882943</td><td class="numi">332843</td></tr><tr class="passedodd"><td><a href="#m91"><b>LogIn_11</b> (TC11, Log in) ("Users can't Log in with Invalid credentials")</a></td><td class="numi">20</td><td>1686404881570</td><td class="numi">290040</td></tr><tr class="passedodd"><td><a href="#m92"><b>LogIn_11</b> (TC11, Log in) ("Users can't Log in with Invalid credentials")</a></td><td class="numi">20</td><td>1686404881570</td><td class="numi">290040</td></tr><tr class="passedodd"><td><a href="#m93"><b>appDownload_1</b> (App_Download, TC1) ("User installs app from the APK file")</a></td><td class="numi">1</td><td>1686403845498</td><td class="numi">389</td></tr><tr class="passedodd"><td><a href="#m94"><b>LogIn_11</b> (TC11, Log in) ("Users can't Log in with Invalid credentials")</a></td><td class="numi">20</td><td>1686404881570</td><td class="numi">290040</td></tr><tr class="passedodd"><td><a href="#m95"><b>LogIn_11</b> (TC11, Log in) ("Users can't Log in with Invalid credentials")</a></td><td class="numi">20</td><td>1686404881570</td><td class="numi">290040</td></tr><tr class="passedodd"><td><a href="#m96"><b>loggingOut_15</b> (Logging out, TC15) ("User logs out of profile")</a></td><td class="numi">1</td><td>1686405238832</td><td class="numi">22335</td></tr><tr class="passedodd"><td><a href="#m97"><b>itemFunctionality_20</b> (Item functionality, TC20) ("User navigates to item page from sub-category page")</a></td><td class="numi">1</td><td>1686405424640</td><td class="numi">33448</td></tr><tr class="passedodd"><td><a href="#m98"><b>cartFunctionality_23</b> (TC23, Cart functionality) ("User removes item from cart to wishlist")</a></td><td class="numi">1</td><td>1686405529749</td><td class="numi">52278</td></tr><tr class="passedodd"><td><a href="#m99"><b>accountRegistration_7</b> (Account Registration, TC7) ("User is not able to register Account with invalid password")</a></td><td class="numi">17</td><td>1686404387684</td><td class="numi">357400</td></tr><tr class="passedodd"><td><a href="#m100"><b>LogIn_11</b> (TC11, Log in) ("Users can't Log in with Invalid credentials")</a></td><td class="numi">20</td><td>1686404881570</td><td class="numi">290040</td></tr><tr class="passedodd"><td><a href="#m101"><b>accountRegistration_7</b> (Account Registration, TC7) ("User is not able to register Account with invalid password")</a></td><td class="numi">17</td><td>1686404387684</td><td class="numi">357400</td></tr><tr class="passedodd"><td><a href="#m102"><b>accountRegistration_7</b> (Account Registration, TC7) ("User is not able to register Account with invalid password")</a></td><td class="numi">17</td><td>1686404387684</td><td class="numi">357400</td></tr><tr class="passedodd"><td><a href="#m103"><b>accountRegistration_6</b> (Account Registration, TC6) ("User is not able to register Account with invalid Email")</a></td><td class="numi">12</td><td>1686403882943</td><td class="numi">332843</td></tr><tr class="passedodd"><td><a href="#m104"><b>cartFunctionality_22</b> (TC22, Cart functionality) ("User removes item from cart")</a></td><td class="numi">1</td><td>1686405500491</td><td class="numi">27434</td></tr><tr class="passedodd"><td><a href="#m105"><b>accountRegistration_6</b> (Account Registration, TC6) ("User is not able to register Account with invalid Email")</a></td><td class="numi">12</td><td>1686403882943</td><td class="numi">332843</td></tr><tr class="passedodd"><td><a href="#m106"><b>accountRegistration_7</b> (Account Registration, TC7) ("User is not able to register Account with invalid password")</a></td><td class="numi">17</td><td>1686404387684</td><td class="numi">357400</td></tr><tr class="passedodd"><td><a href="#m107"><b>LogIn_10</b> (TC10, Log in) ("User Logs in with valid credentials")</a></td><td class="numi">1</td><td>1686404861346</td><td class="numi">17343</td></tr><tr class="passedodd"><td><a href="#m108"><b>accountRegistration_7</b> (Account Registration, TC7) ("User is not able to register Account with invalid password")</a></td><td class="numi">17</td><td>1686404387684</td><td class="numi">357400</td></tr><tr class="passedodd"><td><a href="#m109"><b>accountRegistration_7</b> (Account Registration, TC7) ("User is not able to register Account with invalid password")</a></td><td class="numi">17</td><td>1686404387684</td><td class="numi">357400</td></tr><tr class="passedodd"><td><a href="#m110"><b>questMode_12</b> (TC12, Guest mode) ("User Logs in as quest")</a></td><td class="numi">1</td><td>1686405173505</td><td class="numi">9337</td></tr><tr class="passedodd"><td><a href="#m111"><b>accountRegistration_7</b> (Account Registration, TC7) ("User is not able to register Account with invalid password")</a></td><td class="numi">17</td><td>1686404387684</td><td class="numi">357400</td></tr><tr class="passedodd"><td><a href="#m112"><b>accountRegistration_6</b> (Account Registration, TC6) ("User is not able to register Account with invalid Email")</a></td><td class="numi">12</td><td>1686403882943</td><td class="numi">332843</td></tr><tr class="passedodd"><td><a href="#m113"><b>accountRegistration_7</b> (Account Registration, TC7) ("User is not able to register Account with invalid password")</a></td><td class="numi">17</td><td>1686404387684</td><td class="numi">357400</td></tr><tr class="passedodd"><td><a href="#m114"><b>accountRegistration_7</b> (Account Registration, TC7) ("User is not able to register Account with invalid password")</a></td><td class="numi">17</td><td>1686404387684</td><td class="numi">357400</td></tr><tr class="passedodd"><td><a href="#m115"><b>LogIn_11</b> (TC11, Log in) ("Users can't Log in with Invalid credentials")</a></td><td class="numi">20</td><td>1686404881570</td><td class="numi">290040</td></tr><tr class="passedodd"><td><a href="#m116"><b>accountRegistration_7</b> (Account Registration, TC7) ("User is not able to register Account with invalid password")</a></td><td class="numi">17</td><td>1686404387684</td><td class="numi">357400</td></tr><tr class="passedodd"><td><a href="#m117"><b>LogIn_11</b> (TC11, Log in) ("Users can't Log in with Invalid credentials")</a></td><td class="numi">20</td><td>1686404881570</td><td class="numi">290040</td></tr><tr class="passedodd"><td><a href="#m118"><b>LogIn_11</b> (TC11, Log in) ("Users can't Log in with Invalid credentials")</a></td><td class="numi">20</td><td>1686404881570</td><td class="numi">290040</td></tr><tr class="passedodd"><td><a href="#m119"><b>accountRegistration_7</b> (Account Registration, TC7) ("User is not able to register Account with invalid password")</a></td><td class="numi">17</td><td>1686404387684</td><td class="numi">357400</td></tr><tr class="passedodd"><td><a href="#m120"><b>LogIn_11</b> (TC11, Log in) ("Users can't Log in with Invalid credentials")</a></td><td class="numi">20</td><td>1686404881570</td><td class="numi">290040</td></tr><tr class="passedodd"><td><a href="#m121"><b>appDownload_2</b> (TC2, App_Download) ("App works correctly after installation")</a></td><td class="numi">1</td><td>1686403848800</td><td class="numi">4021</td></tr><tr class="passedodd"><td><a href="#m122"><b>accountRegistration_5</b> (Account Registration, TC5) ("User navigates to Registration page through Login in page")</a></td><td class="numi">1</td><td>1686403871496</td><td class="numi">9359</td></tr><tr class="passedodd"><td><a href="#m123"><b>accountRegistration_6</b> (Account Registration, TC6) ("User is not able to register Account with invalid Email")</a></td><td class="numi">12</td><td>1686403882943</td><td class="numi">332843</td></tr><tr class="passedodd"><td><a href="#m124"><b>accountRegistration_6</b> (Account Registration, TC6) ("User is not able to register Account with invalid Email")</a></td><td class="numi">12</td><td>1686403882943</td><td class="numi">332843</td></tr><tr class="passedodd"><td><a href="#m125"><b>accountRegistration_6</b> (Account Registration, TC6) ("User is not able to register Account with invalid Email")</a></td><td class="numi">12</td><td>1686403882943</td><td class="numi">332843</td></tr>
</table>
<h1>/Users/ivosorokins/Downloads/files/sorokins_mob_automation_23</h1>
<h2 id="m1">TestCases:accountRegistration_6</h2>
<table cellspacing="0" cellpadding="0" class="result">
<tr class="param"><th>Parameter #1</th></tr>
<tr class="param stripe"><td>Email{, email=&apos;aaaaaaaaaaaaaaaaaaaaaaaaaaaaaaaaaaaaaaaaaaaaaaaaaaaaaaaaaaaaaaaaaaaaaaaaaaaaaaaaaaaaaaaaaaaaaaaaaaaaaaaaaaaaaaaaaaaaaaaaaaaaaaaaaaaaaaaaaaaaaaaaaaaaaaaaaaaaaaaaaaaaaaaaaaaaaaaaaaaaaaaaaaaaaaaaaaaaaaaaaaaaaaaaaaaaaaaaaaaaaaaaaaaaaaaaaaaaaaaaaaaaaaaaaaaaaaaaaaaaaaaaaaaaaa@ngopy.com&apos;}</td>
</tr>
<tr><td>
<h3>Test Messages</h3>
[32m
Notification button located![0m<br/>
[32m
Successfully clicked passed Notification Screen![0m<br/>
[32m
'Sign up' button clicked![0m<br/>
[32m
'Accept terms' checked![0m<br/>
[32m
[0m<br/>
[32m
[0m<br/>
[32m
'Create account' button clicked![0m<br/>
[31m
Something went wrong when trying to enter invalid email: Can't locate an element by this strategy: By.chained({By.xpath: //android.widget.TextView[@text="Enter a valid e-mail address"]})[0m<br/>
<h3>Failure</h3>
<div class="stacktrace">utils.TestFailureException: [1;31mTest Case 6 FAILED![0m
	at utils.ElementAction.checkElementDisplayed(ElementAction.java:60)
	at screens.SignUpScreen.fillInvalidEmail(SignUpScreen.java:141)
	at TestCases.accountRegistration_6(TestCases.java:244)
	at jdk.internal.reflect.GeneratedMethodAccessor8.invoke(Unknown Source)
	at java.base/jdk.internal.reflect.DelegatingMethodAccessorImpl.invoke(DelegatingMethodAccessorImpl.java:43)
	at java.base/java.lang.reflect.Method.invoke(Method.java:566)
	at org.testng.internal.invokers.MethodInvocationHelper.invokeMethod(MethodInvocationHelper.java:139)
	at org.testng.internal.invokers.TestInvoker.invokeMethod(TestInvoker.java:677)
	at org.testng.internal.invokers.TestInvoker.invokeTestMethod(TestInvoker.java:221)
	at org.testng.internal.invokers.MethodRunner.runInSequence(MethodRunner.java:50)
	at org.testng.internal.invokers.TestInvoker$MethodInvocationAgent.invoke(TestInvoker.java:969)
	at org.testng.internal.invokers.TestInvoker.invokeTestMethods(TestInvoker.java:194)
	at org.testng.internal.invokers.TestMethodWorker.invokeTestMethods(TestMethodWorker.java:148)
	at org.testng.internal.invokers.TestMethodWorker.run(TestMethodWorker.java:128)
	at java.base/java.util.ArrayList.forEach(ArrayList.java:1540)
	at org.testng.TestRunner.privateRun(TestRunner.java:829)
	at org.testng.TestRunner.run(TestRunner.java:602)
	at org.testng.SuiteRunner.runTest(SuiteRunner.java:437)
	at org.testng.SuiteRunner.runSequentially(SuiteRunner.java:431)
	at org.testng.SuiteRunner.privateRun(SuiteRunner.java:391)
	at org.testng.SuiteRunner.run(SuiteRunner.java:330)
	at org.testng.SuiteRunnerWorker.runSuite(SuiteRunnerWorker.java:52)
	at org.testng.SuiteRunnerWorker.run(SuiteRunnerWorker.java:95)
	at org.testng.TestNG.runSuitesSequentially(TestNG.java:1256)
	at org.testng.TestNG.runSuitesLocally(TestNG.java:1176)
	at org.testng.TestNG.runSuites(TestNG.java:1099)
	at org.testng.TestNG.run(TestNG.java:1067)
	at com.intellij.rt.testng.IDEARemoteTestNG.run(IDEARemoteTestNG.java:66)
	at com.intellij.rt.testng.RemoteTestNGStarter.main(RemoteTestNGStarter.java:109)
</div>
</td></tr>
</table>
<p class="totop"><a href="#summary">back to summary</a></p>
<h2 id="m2">TestCases:accountRegistration_7</h2>
<table cellspacing="0" cellpadding="0" class="result">
<tr class="param"><th>Parameter #1</th></tr>
<tr class="param stripe"><td>Password{, password=&apos;A1!aaaaaaaaaaaaaaaaaaaaaaaaaaaaaaaaaaaaaaaaaaaaaaaaaaaaaaaaaaaaaaaaaaaaaaaaaaaaaaaaaaaaaaaaaaaaaaaaaaaaaaaaaaaaaaaaaaaaaaaaaaaaaaaaaaaaaaaaaaaaaaaaaaaaaaaaaaaaaaaaaaaaaaaaaaaaaaaaaaaaaaaaaaaaaaaaaaaaaaaaaaaaaaaaaaaaaaaaaaaaaaaaaaaaaaaaaaaaaaaaaaaaaaaaaaaaaaaaaaaaaaaaaaaaaa&apos;}</td>
</tr>
<tr><td>
<h3>Test Messages</h3>
[32m
Notification button located![0m<br/>
[32m
Successfully clicked passed Notification Screen![0m<br/>
[32m
'Sign up' button clicked![0m<br/>
[32m
'Accept terms' checked![0m<br/>
[32m
[0m<br/>
[32m
[0m<br/>
[32m
'Create account' button clicked![0m<br/>
[31m
Something went wrong when trying to create invalid email account: Can't locate an element by this strategy: By.chained({By.xpath: //android.widget.TextView[@text="This password does not meet the minimum requirements"]})[0m<br/>
<h3>Failure</h3>
<div class="stacktrace">utils.TestFailureException: [1;31mTest Case 7 FAILED![0m
	at utils.ElementAction.checkElementDisplayed(ElementAction.java:60)
	at screens.SignUpScreen.enterInvalidPassword(SignUpScreen.java:165)
	at TestCases.accountRegistration_7(TestCases.java:263)
	at jdk.internal.reflect.GeneratedMethodAccessor9.invoke(Unknown Source)
	at java.base/jdk.internal.reflect.DelegatingMethodAccessorImpl.invoke(DelegatingMethodAccessorImpl.java:43)
	at java.base/java.lang.reflect.Method.invoke(Method.java:566)
	at org.testng.internal.invokers.MethodInvocationHelper.invokeMethod(MethodInvocationHelper.java:139)
	at org.testng.internal.invokers.TestInvoker.invokeMethod(TestInvoker.java:677)
	at org.testng.internal.invokers.TestInvoker.invokeTestMethod(TestInvoker.java:221)
	at org.testng.internal.invokers.MethodRunner.runInSequence(MethodRunner.java:50)
	at org.testng.internal.invokers.TestInvoker$MethodInvocationAgent.invoke(TestInvoker.java:969)
	at org.testng.internal.invokers.TestInvoker.invokeTestMethods(TestInvoker.java:194)
	at org.testng.internal.invokers.TestMethodWorker.invokeTestMethods(TestMethodWorker.java:148)
	at org.testng.internal.invokers.TestMethodWorker.run(TestMethodWorker.java:128)
	at java.base/java.util.ArrayList.forEach(ArrayList.java:1540)
	at org.testng.TestRunner.privateRun(TestRunner.java:829)
	at org.testng.TestRunner.run(TestRunner.java:602)
	at org.testng.SuiteRunner.runTest(SuiteRunner.java:437)
	at org.testng.SuiteRunner.runSequentially(SuiteRunner.java:431)
	at org.testng.SuiteRunner.privateRun(SuiteRunner.java:391)
	at org.testng.SuiteRunner.run(SuiteRunner.java:330)
	at org.testng.SuiteRunnerWorker.runSuite(SuiteRunnerWorker.java:52)
	at org.testng.SuiteRunnerWorker.run(SuiteRunnerWorker.java:95)
	at org.testng.TestNG.runSuitesSequentially(TestNG.java:1256)
	at org.testng.TestNG.runSuitesLocally(TestNG.java:1176)
	at org.testng.TestNG.runSuites(TestNG.java:1099)
	at org.testng.TestNG.run(TestNG.java:1067)
	at com.intellij.rt.testng.IDEARemoteTestNG.run(IDEARemoteTestNG.java:66)
	at com.intellij.rt.testng.RemoteTestNGStarter.main(RemoteTestNGStarter.java:109)
</div>
</td></tr>
</table>
<p class="totop"><a href="#summary">back to summary</a></p>
<h2 id="m3">TestCases:accountRegistration_6</h2>
<table cellspacing="0" cellpadding="0" class="result">
<tr class="param"><th>Parameter #1</th></tr>
<tr class="param stripe"><td>Email{, email=&apos;xoheto3034@ngop.com&apos;}</td>
</tr>
<tr><td>
<h3>Test Messages</h3>
[32m
Notification button located![0m<br/>
[32m
Successfully clicked passed Notification Screen![0m<br/>
[32m
'Sign up' button clicked![0m<br/>
[32m
'Accept terms' checked![0m<br/>
[32m
[0m<br/>
[32m
[0m<br/>
[32m
'Create account' button clicked![0m<br/>
[31m
Something went wrong when trying to enter invalid email: Can't locate an element by this strategy: By.chained({By.xpath: //android.widget.TextView[@text="Enter a valid e-mail address"]})[0m<br/>
<h3>Failure</h3>
<div class="stacktrace">utils.TestFailureException: [1;31mTest Case 6 FAILED![0m
	at utils.ElementAction.checkElementDisplayed(ElementAction.java:60)
	at screens.SignUpScreen.fillInvalidEmail(SignUpScreen.java:141)
	at TestCases.accountRegistration_6(TestCases.java:244)
	at java.base/jdk.internal.reflect.NativeMethodAccessorImpl.invoke0(Native Method)
	at java.base/jdk.internal.reflect.NativeMethodAccessorImpl.invoke(NativeMethodAccessorImpl.java:62)
	at java.base/jdk.internal.reflect.DelegatingMethodAccessorImpl.invoke(DelegatingMethodAccessorImpl.java:43)
	at java.base/java.lang.reflect.Method.invoke(Method.java:566)
	at org.testng.internal.invokers.MethodInvocationHelper.invokeMethod(MethodInvocationHelper.java:139)
	at org.testng.internal.invokers.TestInvoker.invokeMethod(TestInvoker.java:677)
	at org.testng.internal.invokers.TestInvoker.invokeTestMethod(TestInvoker.java:221)
	at org.testng.internal.invokers.MethodRunner.runInSequence(MethodRunner.java:50)
	at org.testng.internal.invokers.TestInvoker$MethodInvocationAgent.invoke(TestInvoker.java:969)
	at org.testng.internal.invokers.TestInvoker.invokeTestMethods(TestInvoker.java:194)
	at org.testng.internal.invokers.TestMethodWorker.invokeTestMethods(TestMethodWorker.java:148)
	at org.testng.internal.invokers.TestMethodWorker.run(TestMethodWorker.java:128)
	at java.base/java.util.ArrayList.forEach(ArrayList.java:1540)
	at org.testng.TestRunner.privateRun(TestRunner.java:829)
	at org.testng.TestRunner.run(TestRunner.java:602)
	at org.testng.SuiteRunner.runTest(SuiteRunner.java:437)
	at org.testng.SuiteRunner.runSequentially(SuiteRunner.java:431)
	at org.testng.SuiteRunner.privateRun(SuiteRunner.java:391)
	at org.testng.SuiteRunner.run(SuiteRunner.java:330)
	at org.testng.SuiteRunnerWorker.runSuite(SuiteRunnerWorker.java:52)
	at org.testng.SuiteRunnerWorker.run(SuiteRunnerWorker.java:95)
	at org.testng.TestNG.runSuitesSequentially(TestNG.java:1256)
	at org.testng.TestNG.runSuitesLocally(TestNG.java:1176)
	at org.testng.TestNG.runSuites(TestNG.java:1099)
	at org.testng.TestNG.run(TestNG.java:1067)
	at com.intellij.rt.testng.IDEARemoteTestNG.run(IDEARemoteTestNG.java:66)
	at com.intellij.rt.testng.RemoteTestNGStarter.main(RemoteTestNGStarter.java:109)
</div>
</td></tr>
</table>
<p class="totop"><a href="#summary">back to summary</a></p>
<h2 id="m4">TestCases:accountRegistration_7</h2>
<table cellspacing="0" cellpadding="0" class="result">
<tr class="param"><th>Parameter #1</th></tr>
<tr class="param stripe"><td>Password{, password=&apos;&apos;}</td>
</tr>
<tr><td>
<h3>Test Messages</h3>
[32m
Notification button located![0m<br/>
[32m
Successfully clicked passed Notification Screen![0m<br/>
[32m
'Sign up' button clicked![0m<br/>
[32m
'Accept terms' checked![0m<br/>
[32m
[0m<br/>
[32m
[0m<br/>
[32m
'Create account' button clicked![0m<br/>
[31m
Something went wrong when trying to create invalid email account: Can't locate an element by this strategy: By.chained({By.xpath: //android.widget.TextView[@text="This password does not meet the minimum requirements"]})[0m<br/>
<h3>Failure</h3>
<div class="stacktrace">utils.TestFailureException: [1;31mTest Case 7 FAILED![0m
	at utils.ElementAction.checkElementDisplayed(ElementAction.java:60)
	at screens.SignUpScreen.enterInvalidPassword(SignUpScreen.java:165)
	at TestCases.accountRegistration_7(TestCases.java:263)
	at jdk.internal.reflect.GeneratedMethodAccessor9.invoke(Unknown Source)
	at java.base/jdk.internal.reflect.DelegatingMethodAccessorImpl.invoke(DelegatingMethodAccessorImpl.java:43)
	at java.base/java.lang.reflect.Method.invoke(Method.java:566)
	at org.testng.internal.invokers.MethodInvocationHelper.invokeMethod(MethodInvocationHelper.java:139)
	at org.testng.internal.invokers.TestInvoker.invokeMethod(TestInvoker.java:677)
	at org.testng.internal.invokers.TestInvoker.invokeTestMethod(TestInvoker.java:221)
	at org.testng.internal.invokers.MethodRunner.runInSequence(MethodRunner.java:50)
	at org.testng.internal.invokers.TestInvoker$MethodInvocationAgent.invoke(TestInvoker.java:969)
	at org.testng.internal.invokers.TestInvoker.invokeTestMethods(TestInvoker.java:194)
	at org.testng.internal.invokers.TestMethodWorker.invokeTestMethods(TestMethodWorker.java:148)
	at org.testng.internal.invokers.TestMethodWorker.run(TestMethodWorker.java:128)
	at java.base/java.util.ArrayList.forEach(ArrayList.java:1540)
	at org.testng.TestRunner.privateRun(TestRunner.java:829)
	at org.testng.TestRunner.run(TestRunner.java:602)
	at org.testng.SuiteRunner.runTest(SuiteRunner.java:437)
	at org.testng.SuiteRunner.runSequentially(SuiteRunner.java:431)
	at org.testng.SuiteRunner.privateRun(SuiteRunner.java:391)
	at org.testng.SuiteRunner.run(SuiteRunner.java:330)
	at org.testng.SuiteRunnerWorker.runSuite(SuiteRunnerWorker.java:52)
	at org.testng.SuiteRunnerWorker.run(SuiteRunnerWorker.java:95)
	at org.testng.TestNG.runSuitesSequentially(TestNG.java:1256)
	at org.testng.TestNG.runSuitesLocally(TestNG.java:1176)
	at org.testng.TestNG.runSuites(TestNG.java:1099)
	at org.testng.TestNG.run(TestNG.java:1067)
	at com.intellij.rt.testng.IDEARemoteTestNG.run(IDEARemoteTestNG.java:66)
	at com.intellij.rt.testng.RemoteTestNGStarter.main(RemoteTestNGStarter.java:109)
</div>
</td></tr>
</table>
<p class="totop"><a href="#summary">back to summary</a></p>
<h2 id="m5">TestCases:wishListFunctionality_26</h2>
<div>
<h3>Test Messages</h3>
[32m
Successfully clicked passed Notification Screen![0m<br/>
[32m
'Log in ' button clicked![0m<br/>
[32m
Successfully entered email![0m<br/>
[32m
Password entered successfully![0m<br/>
[32m
'Next' button successfully clicked![0m<br/>
[32m
'Consent' screen 'Next' button clicked![0m<br/>
[32m
'Skip' button successfully clicked![0m<br/>
[32m
[0m<br/>
[31mFailed to get items Title: Can't locate an element by this strategy: By.chained({By.xpath: //android.widget.TextView[@resource-id="pl.com.fourf.ecommerce:id/taxonomy_product_subitem_title"]})[0m<br/>
<h3>Failure</h3>
<div class="stacktrace">utils.TestFailureException: [1;31mTest Case 26 FAILED![0m
	at utils.ElementAction.getElementText(ElementAction.java:131)
	at screens.WishlistScreen.getItemsName(WishlistScreen.java:91)
	at TestCases.wishListFunctionality_26(TestCases.java:732)
	at java.base/jdk.internal.reflect.NativeMethodAccessorImpl.invoke0(Native Method)
	at java.base/jdk.internal.reflect.NativeMethodAccessorImpl.invoke(NativeMethodAccessorImpl.java:62)
	at java.base/jdk.internal.reflect.DelegatingMethodAccessorImpl.invoke(DelegatingMethodAccessorImpl.java:43)
	at java.base/java.lang.reflect.Method.invoke(Method.java:566)
	at org.testng.internal.invokers.MethodInvocationHelper.invokeMethod(MethodInvocationHelper.java:139)
	at org.testng.internal.invokers.TestInvoker.invokeMethod(TestInvoker.java:677)
	at org.testng.internal.invokers.TestInvoker.invokeTestMethod(TestInvoker.java:221)
	at org.testng.internal.invokers.MethodRunner.runInSequence(MethodRunner.java:50)
	at org.testng.internal.invokers.TestInvoker$MethodInvocationAgent.invoke(TestInvoker.java:969)
	at org.testng.internal.invokers.TestInvoker.invokeTestMethods(TestInvoker.java:194)
	at org.testng.internal.invokers.TestMethodWorker.invokeTestMethods(TestMethodWorker.java:148)
	at org.testng.internal.invokers.TestMethodWorker.run(TestMethodWorker.java:128)
	at java.base/java.util.ArrayList.forEach(ArrayList.java:1540)
	at org.testng.TestRunner.privateRun(TestRunner.java:829)
	at org.testng.TestRunner.run(TestRunner.java:602)
	at org.testng.SuiteRunner.runTest(SuiteRunner.java:437)
	at org.testng.SuiteRunner.runSequentially(SuiteRunner.java:431)
	at org.testng.SuiteRunner.privateRun(SuiteRunner.java:391)
	at org.testng.SuiteRunner.run(SuiteRunner.java:330)
	at org.testng.SuiteRunnerWorker.runSuite(SuiteRunnerWorker.java:52)
	at org.testng.SuiteRunnerWorker.run(SuiteRunnerWorker.java:95)
	at org.testng.TestNG.runSuitesSequentially(TestNG.java:1256)
	at org.testng.TestNG.runSuitesLocally(TestNG.java:1176)
	at org.testng.TestNG.runSuites(TestNG.java:1099)
	at org.testng.TestNG.run(TestNG.java:1067)
	at com.intellij.rt.testng.IDEARemoteTestNG.run(IDEARemoteTestNG.java:66)
	at com.intellij.rt.testng.RemoteTestNGStarter.main(RemoteTestNGStarter.java:109)
</div>
</div>
<p class="totop"><a href="#summary">back to summary</a></p>
<h2 id="m6">TestCases:shareFunctionality_27</h2>
<div>
<h3>Test Messages</h3>
[32m
Successfully clicked passed Notification Screen![0m<br/>
[32m
'Log in ' button clicked![0m<br/>
[32m
Successfully entered email![0m<br/>
[32m
Password entered successfully![0m<br/>
[32m
'Next' button successfully clicked![0m<br/>
[32m
'Consent' screen 'Next' button clicked![0m<br/>
[32m
'Skip' button successfully clicked![0m<br/>
[32m
[0m<br/>
[32m
'Transfer' screen 'Skip' button clicked successfully![0m<br/>
[32m
Successfully clicked on category![0m<br/>
[32m
Clicked on sub-category button successfully![0m<br/>
[32m
Successfully clicked on type of item![0m<br/>
[32m
Successfully clicked on item![0m<br/>
[32m
Successfully clicked on 'Share' button![0m<br/>
[32m
Successfully saved preview link: https://4fstore.com/women-s-casual-jogers-4fs23trof52-83s.html ![0m<br/>
[32m
Successfully clicked on 'Messages' button![0m<br/>
[31m
Failed to click on contact: Can't locate an element by this strategy: By.chained({By.xpath: //android.widget.LinearLayout[@resource-id="com.google.android.apps.messaging:id/details_container"]})[0m<br/>
<h3>Failure</h3>
<div class="stacktrace">utils.TestFailureException: [1;31mTest Case 27 FAILED![0m
	at utils.ElementAction.clickElement(ElementAction.java:44)
	at screens.MessageScreen.clickContact(MessageScreen.java:32)
	at TestCases.shareFunctionality_27(TestCases.java:771)
	at java.base/jdk.internal.reflect.NativeMethodAccessorImpl.invoke0(Native Method)
	at java.base/jdk.internal.reflect.NativeMethodAccessorImpl.invoke(NativeMethodAccessorImpl.java:62)
	at java.base/jdk.internal.reflect.DelegatingMethodAccessorImpl.invoke(DelegatingMethodAccessorImpl.java:43)
	at java.base/java.lang.reflect.Method.invoke(Method.java:566)
	at org.testng.internal.invokers.MethodInvocationHelper.invokeMethod(MethodInvocationHelper.java:139)
	at org.testng.internal.invokers.TestInvoker.invokeMethod(TestInvoker.java:677)
	at org.testng.internal.invokers.TestInvoker.invokeTestMethod(TestInvoker.java:221)
	at org.testng.internal.invokers.MethodRunner.runInSequence(MethodRunner.java:50)
	at org.testng.internal.invokers.TestInvoker$MethodInvocationAgent.invoke(TestInvoker.java:969)
	at org.testng.internal.invokers.TestInvoker.invokeTestMethods(TestInvoker.java:194)
	at org.testng.internal.invokers.TestMethodWorker.invokeTestMethods(TestMethodWorker.java:148)
	at org.testng.internal.invokers.TestMethodWorker.run(TestMethodWorker.java:128)
	at java.base/java.util.ArrayList.forEach(ArrayList.java:1540)
	at org.testng.TestRunner.privateRun(TestRunner.java:829)
	at org.testng.TestRunner.run(TestRunner.java:602)
	at org.testng.SuiteRunner.runTest(SuiteRunner.java:437)
	at org.testng.SuiteRunner.runSequentially(SuiteRunner.java:431)
	at org.testng.SuiteRunner.privateRun(SuiteRunner.java:391)
	at org.testng.SuiteRunner.run(SuiteRunner.java:330)
	at org.testng.SuiteRunnerWorker.runSuite(SuiteRunnerWorker.java:52)
	at org.testng.SuiteRunnerWorker.run(SuiteRunnerWorker.java:95)
	at org.testng.TestNG.runSuitesSequentially(TestNG.java:1256)
	at org.testng.TestNG.runSuitesLocally(TestNG.java:1176)
	at org.testng.TestNG.runSuites(TestNG.java:1099)
	at org.testng.TestNG.run(TestNG.java:1067)
	at com.intellij.rt.testng.IDEARemoteTestNG.run(IDEARemoteTestNG.java:66)
	at com.intellij.rt.testng.RemoteTestNGStarter.main(RemoteTestNGStarter.java:109)
</div>
</div>
<p class="totop"><a href="#summary">back to summary</a></p>
<h2 id="m7">TestCases:accountRegistration_6</h2>
<table cellspacing="0" cellpadding="0" class="result">
<tr class="param"><th>Parameter #1</th></tr>
<tr class="param stripe"><td>Email{, email=&apos;xoheto3034@12345.com&apos;}</td>
</tr>
<tr><td>
<h3>Test Messages</h3>
[32m
Notification button located![0m<br/>
[32m
Successfully clicked passed Notification Screen![0m<br/>
[32m
'Sign up' button clicked![0m<br/>
[32m
'Accept terms' checked![0m<br/>
[32m
[0m<br/>
[32m
[0m<br/>
[32m
'Create account' button clicked![0m<br/>
[31m
Something went wrong when trying to enter invalid email: Can't locate an element by this strategy: By.chained({By.xpath: //android.widget.TextView[@text="Enter a valid e-mail address"]})[0m<br/>
<h3>Failure</h3>
<div class="stacktrace">utils.TestFailureException: [1;31mTest Case 6 FAILED![0m
	at utils.ElementAction.checkElementDisplayed(ElementAction.java:60)
	at screens.SignUpScreen.fillInvalidEmail(SignUpScreen.java:141)
	at TestCases.accountRegistration_6(TestCases.java:244)
	at java.base/jdk.internal.reflect.NativeMethodAccessorImpl.invoke0(Native Method)
	at java.base/jdk.internal.reflect.NativeMethodAccessorImpl.invoke(NativeMethodAccessorImpl.java:62)
	at java.base/jdk.internal.reflect.DelegatingMethodAccessorImpl.invoke(DelegatingMethodAccessorImpl.java:43)
	at java.base/java.lang.reflect.Method.invoke(Method.java:566)
	at org.testng.internal.invokers.MethodInvocationHelper.invokeMethod(MethodInvocationHelper.java:139)
	at org.testng.internal.invokers.TestInvoker.invokeMethod(TestInvoker.java:677)
	at org.testng.internal.invokers.TestInvoker.invokeTestMethod(TestInvoker.java:221)
	at org.testng.internal.invokers.MethodRunner.runInSequence(MethodRunner.java:50)
	at org.testng.internal.invokers.TestInvoker$MethodInvocationAgent.invoke(TestInvoker.java:969)
	at org.testng.internal.invokers.TestInvoker.invokeTestMethods(TestInvoker.java:194)
	at org.testng.internal.invokers.TestMethodWorker.invokeTestMethods(TestMethodWorker.java:148)
	at org.testng.internal.invokers.TestMethodWorker.run(TestMethodWorker.java:128)
	at java.base/java.util.ArrayList.forEach(ArrayList.java:1540)
	at org.testng.TestRunner.privateRun(TestRunner.java:829)
	at org.testng.TestRunner.run(TestRunner.java:602)
	at org.testng.SuiteRunner.runTest(SuiteRunner.java:437)
	at org.testng.SuiteRunner.runSequentially(SuiteRunner.java:431)
	at org.testng.SuiteRunner.privateRun(SuiteRunner.java:391)
	at org.testng.SuiteRunner.run(SuiteRunner.java:330)
	at org.testng.SuiteRunnerWorker.runSuite(SuiteRunnerWorker.java:52)
	at org.testng.SuiteRunnerWorker.run(SuiteRunnerWorker.java:95)
	at org.testng.TestNG.runSuitesSequentially(TestNG.java:1256)
	at org.testng.TestNG.runSuitesLocally(TestNG.java:1176)
	at org.testng.TestNG.runSuites(TestNG.java:1099)
	at org.testng.TestNG.run(TestNG.java:1067)
	at com.intellij.rt.testng.IDEARemoteTestNG.run(IDEARemoteTestNG.java:66)
	at com.intellij.rt.testng.RemoteTestNGStarter.main(RemoteTestNGStarter.java:109)
</div>
</td></tr>
</table>
<p class="totop"><a href="#summary">back to summary</a></p>
<h2 id="m8">TestCases:guestMode_14</h2>
<div>
<h3>Test Messages</h3>
[32m
Successfully clicked passed Notification Screen![0m<br/>
[32m
'Log in as a guest' button clicked![0m<br/>
[32m
Successfully clicked on account button![0m<br/>
[32m
'Log In' button in guest mode clicked![0m<br/>
[31m
'Log in' screen did not appear: Can't locate an element by this strategy: By.chained({By.xpath: //android.widget.TextView[@text="Let’s start!"]})[0m<br/>
<h3>Failure</h3>
<div class="stacktrace">utils.TestFailureException: [1;31mTest Case 14 FAILED![0m
	at utils.ElementAction.checkElementDisplayed(ElementAction.java:60)
	at screens.LogInScreen.verifyLogInScreen(LogInScreen.java:52)
	at TestCases.guestMode_14(TestCases.java:386)
	at java.base/jdk.internal.reflect.NativeMethodAccessorImpl.invoke0(Native Method)
	at java.base/jdk.internal.reflect.NativeMethodAccessorImpl.invoke(NativeMethodAccessorImpl.java:62)
	at java.base/jdk.internal.reflect.DelegatingMethodAccessorImpl.invoke(DelegatingMethodAccessorImpl.java:43)
	at java.base/java.lang.reflect.Method.invoke(Method.java:566)
	at org.testng.internal.invokers.MethodInvocationHelper.invokeMethod(MethodInvocationHelper.java:139)
	at org.testng.internal.invokers.TestInvoker.invokeMethod(TestInvoker.java:677)
	at org.testng.internal.invokers.TestInvoker.invokeTestMethod(TestInvoker.java:221)
	at org.testng.internal.invokers.MethodRunner.runInSequence(MethodRunner.java:50)
	at org.testng.internal.invokers.TestInvoker$MethodInvocationAgent.invoke(TestInvoker.java:969)
	at org.testng.internal.invokers.TestInvoker.invokeTestMethods(TestInvoker.java:194)
	at org.testng.internal.invokers.TestMethodWorker.invokeTestMethods(TestMethodWorker.java:148)
	at org.testng.internal.invokers.TestMethodWorker.run(TestMethodWorker.java:128)
	at java.base/java.util.ArrayList.forEach(ArrayList.java:1540)
	at org.testng.TestRunner.privateRun(TestRunner.java:829)
	at org.testng.TestRunner.run(TestRunner.java:602)
	at org.testng.SuiteRunner.runTest(SuiteRunner.java:437)
	at org.testng.SuiteRunner.runSequentially(SuiteRunner.java:431)
	at org.testng.SuiteRunner.privateRun(SuiteRunner.java:391)
	at org.testng.SuiteRunner.run(SuiteRunner.java:330)
	at org.testng.SuiteRunnerWorker.runSuite(SuiteRunnerWorker.java:52)
	at org.testng.SuiteRunnerWorker.run(SuiteRunnerWorker.java:95)
	at org.testng.TestNG.runSuitesSequentially(TestNG.java:1256)
	at org.testng.TestNG.runSuitesLocally(TestNG.java:1176)
	at org.testng.TestNG.runSuites(TestNG.java:1099)
	at org.testng.TestNG.run(TestNG.java:1067)
	at com.intellij.rt.testng.IDEARemoteTestNG.run(IDEARemoteTestNG.java:66)
	at com.intellij.rt.testng.RemoteTestNGStarter.main(RemoteTestNGStarter.java:109)
</div>
</div>
<p class="totop"><a href="#summary">back to summary</a></p>
<h2 id="m9">TestCases:searchFunctionality_18</h2>
<div>
<h3>Test Messages</h3>
[32m
Successfully clicked passed Notification Screen![0m<br/>
[32m
'Log in ' button clicked![0m<br/>
[32m
Successfully entered email![0m<br/>
[32m
Password entered successfully![0m<br/>
[32m
'Next' button successfully clicked![0m<br/>
[32m
'Consent' screen 'Next' button clicked![0m<br/>
[32m
'Skip' button successfully clicked![0m<br/>
[32m
[0m<br/>
[32m
'Transfer' screen 'Skip' button clicked successfully![0m<br/>
[32m
Successfully enter text into search bar!
 Search...............[0m<br/>
[31m
Can't locate an element by this strategy: By.chained({By.xpath: //android.widget.TextView[@resource-id="pl.com.fourf.ecommerce:id/taxonomy_close"]})[0m<br/>
<h3>Failure</h3>
<div class="stacktrace">utils.TestFailureException: [1;31mTest Case 18 FAILED![0m
	at utils.ElementAction.clickElement(ElementAction.java:44)
	at screens.SearchScreen.clearSearchBarByWidget(SearchScreen.java:98)
	at TestCases.searchFunctionality_18(TestCases.java:484)
	at java.base/jdk.internal.reflect.NativeMethodAccessorImpl.invoke0(Native Method)
	at java.base/jdk.internal.reflect.NativeMethodAccessorImpl.invoke(NativeMethodAccessorImpl.java:62)
	at java.base/jdk.internal.reflect.DelegatingMethodAccessorImpl.invoke(DelegatingMethodAccessorImpl.java:43)
	at java.base/java.lang.reflect.Method.invoke(Method.java:566)
	at org.testng.internal.invokers.MethodInvocationHelper.invokeMethod(MethodInvocationHelper.java:139)
	at org.testng.internal.invokers.TestInvoker.invokeMethod(TestInvoker.java:677)
	at org.testng.internal.invokers.TestInvoker.invokeTestMethod(TestInvoker.java:221)
	at org.testng.internal.invokers.MethodRunner.runInSequence(MethodRunner.java:50)
	at org.testng.internal.invokers.TestInvoker$MethodInvocationAgent.invoke(TestInvoker.java:969)
	at org.testng.internal.invokers.TestInvoker.invokeTestMethods(TestInvoker.java:194)
	at org.testng.internal.invokers.TestMethodWorker.invokeTestMethods(TestMethodWorker.java:148)
	at org.testng.internal.invokers.TestMethodWorker.run(TestMethodWorker.java:128)
	at java.base/java.util.ArrayList.forEach(ArrayList.java:1540)
	at org.testng.TestRunner.privateRun(TestRunner.java:829)
	at org.testng.TestRunner.run(TestRunner.java:602)
	at org.testng.SuiteRunner.runTest(SuiteRunner.java:437)
	at org.testng.SuiteRunner.runSequentially(SuiteRunner.java:431)
	at org.testng.SuiteRunner.privateRun(SuiteRunner.java:391)
	at org.testng.SuiteRunner.run(SuiteRunner.java:330)
	at org.testng.SuiteRunnerWorker.runSuite(SuiteRunnerWorker.java:52)
	at org.testng.SuiteRunnerWorker.run(SuiteRunnerWorker.java:95)
	at org.testng.TestNG.runSuitesSequentially(TestNG.java:1256)
	at org.testng.TestNG.runSuitesLocally(TestNG.java:1176)
	at org.testng.TestNG.runSuites(TestNG.java:1099)
	at org.testng.TestNG.run(TestNG.java:1067)
	at com.intellij.rt.testng.IDEARemoteTestNG.run(IDEARemoteTestNG.java:66)
	at com.intellij.rt.testng.RemoteTestNGStarter.main(RemoteTestNGStarter.java:109)
</div>
</div>
<p class="totop"><a href="#summary">back to summary</a></p>
<h2 id="m10">TestCases:itemFunctionality_19</h2>
<div>
<h3>Test Messages</h3>
[32m
Successfully clicked passed Notification Screen![0m<br/>
[32m
'Log in ' button clicked![0m<br/>
[32m
Successfully entered email![0m<br/>
[32m
Password entered successfully![0m<br/>
[32m
'Next' button successfully clicked![0m<br/>
[32m
'Consent' screen 'Next' button clicked![0m<br/>
[32m
'Skip' button successfully clicked![0m<br/>
[32m
[0m<br/>
[32m
'Transfer' screen 'Skip' button clicked successfully![0m<br/>
[32m
Successfully clicked on category![0m<br/>
[31m
Error accord when clicking on SubCategory: Can't locate an element by this strategy: By.chained({By.xpath: //android.widget.TextView[@text="Lifestyle pants"]})[0m<br/>
<h3>Failure</h3>
<div class="stacktrace">utils.TestFailureException: [1;31mTest Case 19 FAILED![0m
	at utils.ElementAction.clickElement(ElementAction.java:44)
	at screens.SearchScreen.clickTypeOfItem(SearchScreen.java:132)
	at TestCases.itemFunctionality_19(TestCases.java:510)
	at java.base/jdk.internal.reflect.NativeMethodAccessorImpl.invoke0(Native Method)
	at java.base/jdk.internal.reflect.NativeMethodAccessorImpl.invoke(NativeMethodAccessorImpl.java:62)
	at java.base/jdk.internal.reflect.DelegatingMethodAccessorImpl.invoke(DelegatingMethodAccessorImpl.java:43)
	at java.base/java.lang.reflect.Method.invoke(Method.java:566)
	at org.testng.internal.invokers.MethodInvocationHelper.invokeMethod(MethodInvocationHelper.java:139)
	at org.testng.internal.invokers.TestInvoker.invokeMethod(TestInvoker.java:677)
	at org.testng.internal.invokers.TestInvoker.invokeTestMethod(TestInvoker.java:221)
	at org.testng.internal.invokers.MethodRunner.runInSequence(MethodRunner.java:50)
	at org.testng.internal.invokers.TestInvoker$MethodInvocationAgent.invoke(TestInvoker.java:969)
	at org.testng.internal.invokers.TestInvoker.invokeTestMethods(TestInvoker.java:194)
	at org.testng.internal.invokers.TestMethodWorker.invokeTestMethods(TestMethodWorker.java:148)
	at org.testng.internal.invokers.TestMethodWorker.run(TestMethodWorker.java:128)
	at java.base/java.util.ArrayList.forEach(ArrayList.java:1540)
	at org.testng.TestRunner.privateRun(TestRunner.java:829)
	at org.testng.TestRunner.run(TestRunner.java:602)
	at org.testng.SuiteRunner.runTest(SuiteRunner.java:437)
	at org.testng.SuiteRunner.runSequentially(SuiteRunner.java:431)
	at org.testng.SuiteRunner.privateRun(SuiteRunner.java:391)
	at org.testng.SuiteRunner.run(SuiteRunner.java:330)
	at org.testng.SuiteRunnerWorker.runSuite(SuiteRunnerWorker.java:52)
	at org.testng.SuiteRunnerWorker.run(SuiteRunnerWorker.java:95)
	at org.testng.TestNG.runSuitesSequentially(TestNG.java:1256)
	at org.testng.TestNG.runSuitesLocally(TestNG.java:1176)
	at org.testng.TestNG.runSuites(TestNG.java:1099)
	at org.testng.TestNG.run(TestNG.java:1067)
	at com.intellij.rt.testng.IDEARemoteTestNG.run(IDEARemoteTestNG.java:66)
	at com.intellij.rt.testng.RemoteTestNGStarter.main(RemoteTestNGStarter.java:109)
</div>
</div>
<p class="totop"><a href="#summary">back to summary</a></p>
<h2 id="m11">TestCases:questMode_13</h2>
<div>
<h3>Test Messages</h3>
[32m
Successfully clicked passed Notification Screen![0m<br/>
[32m
'Log in as a guest' button clicked![0m<br/>
[32m
Successfully clicked on account button![0m<br/>
[32m
'Sign up' button in guest mode clicked![0m<br/>
[31m
User was not navigated to 'Sign up' page: Can't locate an element by this strategy: By.chained({By.xpath: //android.widget.TextView[@text="Create account"]})[0m<br/>
<h3>Failure</h3>
<div class="stacktrace">utils.TestFailureException: [1;31mTest Case 13 FAILED![0m
	at utils.ElementAction.checkElementDisplayed(ElementAction.java:60)
	at screens.SignUpScreen.verifySignUpScreen(SignUpScreen.java:106)
	at TestCases.questMode_13(TestCases.java:369)
	at java.base/jdk.internal.reflect.NativeMethodAccessorImpl.invoke0(Native Method)
	at java.base/jdk.internal.reflect.NativeMethodAccessorImpl.invoke(NativeMethodAccessorImpl.java:62)
	at java.base/jdk.internal.reflect.DelegatingMethodAccessorImpl.invoke(DelegatingMethodAccessorImpl.java:43)
	at java.base/java.lang.reflect.Method.invoke(Method.java:566)
	at org.testng.internal.invokers.MethodInvocationHelper.invokeMethod(MethodInvocationHelper.java:139)
	at org.testng.internal.invokers.TestInvoker.invokeMethod(TestInvoker.java:677)
	at org.testng.internal.invokers.TestInvoker.invokeTestMethod(TestInvoker.java:221)
	at org.testng.internal.invokers.MethodRunner.runInSequence(MethodRunner.java:50)
	at org.testng.internal.invokers.TestInvoker$MethodInvocationAgent.invoke(TestInvoker.java:969)
	at org.testng.internal.invokers.TestInvoker.invokeTestMethods(TestInvoker.java:194)
	at org.testng.internal.invokers.TestMethodWorker.invokeTestMethods(TestMethodWorker.java:148)
	at org.testng.internal.invokers.TestMethodWorker.run(TestMethodWorker.java:128)
	at java.base/java.util.ArrayList.forEach(ArrayList.java:1540)
	at org.testng.TestRunner.privateRun(TestRunner.java:829)
	at org.testng.TestRunner.run(TestRunner.java:602)
	at org.testng.SuiteRunner.runTest(SuiteRunner.java:437)
	at org.testng.SuiteRunner.runSequentially(SuiteRunner.java:431)
	at org.testng.SuiteRunner.privateRun(SuiteRunner.java:391)
	at org.testng.SuiteRunner.run(SuiteRunner.java:330)
	at org.testng.SuiteRunnerWorker.runSuite(SuiteRunnerWorker.java:52)
	at org.testng.SuiteRunnerWorker.run(SuiteRunnerWorker.java:95)
	at org.testng.TestNG.runSuitesSequentially(TestNG.java:1256)
	at org.testng.TestNG.runSuitesLocally(TestNG.java:1176)
	at org.testng.TestNG.runSuites(TestNG.java:1099)
	at org.testng.TestNG.run(TestNG.java:1067)
	at com.intellij.rt.testng.IDEARemoteTestNG.run(IDEARemoteTestNG.java:66)
	at com.intellij.rt.testng.RemoteTestNGStarter.main(RemoteTestNGStarter.java:109)
</div>
</div>
<p class="totop"><a href="#summary">back to summary</a></p>
<h2 id="m12">TestCases:accountRegistration_6</h2>
<table cellspacing="0" cellpadding="0" class="result">
<tr class="param"><th>Parameter #1</th></tr>
<tr class="param stripe"><td>Email{, email=&apos;3034@ngopy.com&apos;}</td>
</tr>
<tr><td>
<h3>Test Messages</h3>
[32m
Notification button located![0m<br/>
[32m
Successfully clicked passed Notification Screen![0m<br/>
[32m
'Sign up' button clicked![0m<br/>
[32m
'Accept terms' checked![0m<br/>
[32m
[0m<br/>
[32m
[0m<br/>
[32m
'Create account' button clicked![0m<br/>
[31m
Something went wrong when trying to enter invalid email: Can't locate an element by this strategy: By.chained({By.xpath: //android.widget.TextView[@text="Enter a valid e-mail address"]})[0m<br/>
<h3>Failure</h3>
<div class="stacktrace">utils.TestFailureException: [1;31mTest Case 6 FAILED![0m
	at utils.ElementAction.checkElementDisplayed(ElementAction.java:60)
	at screens.SignUpScreen.fillInvalidEmail(SignUpScreen.java:141)
	at TestCases.accountRegistration_6(TestCases.java:244)
	at jdk.internal.reflect.GeneratedMethodAccessor8.invoke(Unknown Source)
	at java.base/jdk.internal.reflect.DelegatingMethodAccessorImpl.invoke(DelegatingMethodAccessorImpl.java:43)
	at java.base/java.lang.reflect.Method.invoke(Method.java:566)
	at org.testng.internal.invokers.MethodInvocationHelper.invokeMethod(MethodInvocationHelper.java:139)
	at org.testng.internal.invokers.TestInvoker.invokeMethod(TestInvoker.java:677)
	at org.testng.internal.invokers.TestInvoker.invokeTestMethod(TestInvoker.java:221)
	at org.testng.internal.invokers.MethodRunner.runInSequence(MethodRunner.java:50)
	at org.testng.internal.invokers.TestInvoker$MethodInvocationAgent.invoke(TestInvoker.java:969)
	at org.testng.internal.invokers.TestInvoker.invokeTestMethods(TestInvoker.java:194)
	at org.testng.internal.invokers.TestMethodWorker.invokeTestMethods(TestMethodWorker.java:148)
	at org.testng.internal.invokers.TestMethodWorker.run(TestMethodWorker.java:128)
	at java.base/java.util.ArrayList.forEach(ArrayList.java:1540)
	at org.testng.TestRunner.privateRun(TestRunner.java:829)
	at org.testng.TestRunner.run(TestRunner.java:602)
	at org.testng.SuiteRunner.runTest(SuiteRunner.java:437)
	at org.testng.SuiteRunner.runSequentially(SuiteRunner.java:431)
	at org.testng.SuiteRunner.privateRun(SuiteRunner.java:391)
	at org.testng.SuiteRunner.run(SuiteRunner.java:330)
	at org.testng.SuiteRunnerWorker.runSuite(SuiteRunnerWorker.java:52)
	at org.testng.SuiteRunnerWorker.run(SuiteRunnerWorker.java:95)
	at org.testng.TestNG.runSuitesSequentially(TestNG.java:1256)
	at org.testng.TestNG.runSuitesLocally(TestNG.java:1176)
	at org.testng.TestNG.runSuites(TestNG.java:1099)
	at org.testng.TestNG.run(TestNG.java:1067)
	at com.intellij.rt.testng.IDEARemoteTestNG.run(IDEARemoteTestNG.java:66)
	at com.intellij.rt.testng.RemoteTestNGStarter.main(RemoteTestNGStarter.java:109)
</div>
</td></tr>
</table>
<p class="totop"><a href="#summary">back to summary</a></p>
<h2 id="m13">TestCases:accountRegistration_6</h2>
<table cellspacing="0" cellpadding="0" class="result">
<tr class="param"><th>Parameter #1</th></tr>
<tr class="param stripe"><td>Email{, email=&apos;xoheto@ngopy.com&apos;}</td>
</tr>
<tr><td>
<h3>Test Messages</h3>
[32m
Notification button located![0m<br/>
[32m
Successfully clicked passed Notification Screen![0m<br/>
[32m
'Sign up' button clicked![0m<br/>
[32m
'Accept terms' checked![0m<br/>
[32m
[0m<br/>
[32m
[0m<br/>
[32m
'Create account' button clicked![0m<br/>
[31m
Something went wrong when trying to enter invalid email: Can't locate an element by this strategy: By.chained({By.xpath: //android.widget.TextView[@text="Enter a valid e-mail address"]})[0m<br/>
<h3>Failure</h3>
<div class="stacktrace">utils.TestFailureException: [1;31mTest Case 6 FAILED![0m
	at utils.ElementAction.checkElementDisplayed(ElementAction.java:60)
	at screens.SignUpScreen.fillInvalidEmail(SignUpScreen.java:141)
	at TestCases.accountRegistration_6(TestCases.java:244)
	at jdk.internal.reflect.GeneratedMethodAccessor8.invoke(Unknown Source)
	at java.base/jdk.internal.reflect.DelegatingMethodAccessorImpl.invoke(DelegatingMethodAccessorImpl.java:43)
	at java.base/java.lang.reflect.Method.invoke(Method.java:566)
	at org.testng.internal.invokers.MethodInvocationHelper.invokeMethod(MethodInvocationHelper.java:139)
	at org.testng.internal.invokers.TestInvoker.invokeMethod(TestInvoker.java:677)
	at org.testng.internal.invokers.TestInvoker.invokeTestMethod(TestInvoker.java:221)
	at org.testng.internal.invokers.MethodRunner.runInSequence(MethodRunner.java:50)
	at org.testng.internal.invokers.TestInvoker$MethodInvocationAgent.invoke(TestInvoker.java:969)
	at org.testng.internal.invokers.TestInvoker.invokeTestMethods(TestInvoker.java:194)
	at org.testng.internal.invokers.TestMethodWorker.invokeTestMethods(TestMethodWorker.java:148)
	at org.testng.internal.invokers.TestMethodWorker.run(TestMethodWorker.java:128)
	at java.base/java.util.ArrayList.forEach(ArrayList.java:1540)
	at org.testng.TestRunner.privateRun(TestRunner.java:829)
	at org.testng.TestRunner.run(TestRunner.java:602)
	at org.testng.SuiteRunner.runTest(SuiteRunner.java:437)
	at org.testng.SuiteRunner.runSequentially(SuiteRunner.java:431)
	at org.testng.SuiteRunner.privateRun(SuiteRunner.java:391)
	at org.testng.SuiteRunner.run(SuiteRunner.java:330)
	at org.testng.SuiteRunnerWorker.runSuite(SuiteRunnerWorker.java:52)
	at org.testng.SuiteRunnerWorker.run(SuiteRunnerWorker.java:95)
	at org.testng.TestNG.runSuitesSequentially(TestNG.java:1256)
	at org.testng.TestNG.runSuitesLocally(TestNG.java:1176)
	at org.testng.TestNG.runSuites(TestNG.java:1099)
	at org.testng.TestNG.run(TestNG.java:1067)
	at com.intellij.rt.testng.IDEARemoteTestNG.run(IDEARemoteTestNG.java:66)
	at com.intellij.rt.testng.RemoteTestNGStarter.main(RemoteTestNGStarter.java:109)
</div>
</td></tr>
</table>
<p class="totop"><a href="#summary">back to summary</a></p>
<h2 id="m14">TestCases:searchFunctionality_16</h2>
<div>
<h3>Test Messages</h3>
[32m
Successfully clicked passed Notification Screen![0m<br/>
[32m
'Log in ' button clicked![0m<br/>
[32m
Successfully entered email![0m<br/>
[32m
Password entered successfully![0m<br/>
[32m
'Next' button successfully clicked![0m<br/>
[32m
'Consent' screen 'Next' button clicked![0m<br/>
[32m
'Skip' button successfully clicked![0m<br/>
[32m
[0m<br/>
[32m
'Transfer' screen 'Skip' button clicked successfully![0m<br/>
[32m
Successfully enter text into search bar!
 Search...............[0m<br/>
[31m
Can't locate an element by this strategy: By.chained({By.AndroidUIAutomator: new UiSelector().className("android.widget.TextView").textContains("Dress")})[0m<br/>
<h3>Failure</h3>
<div class="stacktrace">utils.TestFailureException: [1;31mTest Case 16 FAILED![0m
	at utils.ElementAction.checkElementDisplayed(ElementAction.java:60)
	at screens.SearchScreen.verifyElementFoundByName(SearchScreen.java:75)
	at TestCases.searchFunctionality_16(TestCases.java:434)
	at java.base/jdk.internal.reflect.NativeMethodAccessorImpl.invoke0(Native Method)
	at java.base/jdk.internal.reflect.NativeMethodAccessorImpl.invoke(NativeMethodAccessorImpl.java:62)
	at java.base/jdk.internal.reflect.DelegatingMethodAccessorImpl.invoke(DelegatingMethodAccessorImpl.java:43)
	at java.base/java.lang.reflect.Method.invoke(Method.java:566)
	at org.testng.internal.invokers.MethodInvocationHelper.invokeMethod(MethodInvocationHelper.java:139)
	at org.testng.internal.invokers.TestInvoker.invokeMethod(TestInvoker.java:677)
	at org.testng.internal.invokers.TestInvoker.invokeTestMethod(TestInvoker.java:221)
	at org.testng.internal.invokers.MethodRunner.runInSequence(MethodRunner.java:50)
	at org.testng.internal.invokers.TestInvoker$MethodInvocationAgent.invoke(TestInvoker.java:969)
	at org.testng.internal.invokers.TestInvoker.invokeTestMethods(TestInvoker.java:194)
	at org.testng.internal.invokers.TestMethodWorker.invokeTestMethods(TestMethodWorker.java:148)
	at org.testng.internal.invokers.TestMethodWorker.run(TestMethodWorker.java:128)
	at java.base/java.util.ArrayList.forEach(ArrayList.java:1540)
	at org.testng.TestRunner.privateRun(TestRunner.java:829)
	at org.testng.TestRunner.run(TestRunner.java:602)
	at org.testng.SuiteRunner.runTest(SuiteRunner.java:437)
	at org.testng.SuiteRunner.runSequentially(SuiteRunner.java:431)
	at org.testng.SuiteRunner.privateRun(SuiteRunner.java:391)
	at org.testng.SuiteRunner.run(SuiteRunner.java:330)
	at org.testng.SuiteRunnerWorker.runSuite(SuiteRunnerWorker.java:52)
	at org.testng.SuiteRunnerWorker.run(SuiteRunnerWorker.java:95)
	at org.testng.TestNG.runSuitesSequentially(TestNG.java:1256)
	at org.testng.TestNG.runSuitesLocally(TestNG.java:1176)
	at org.testng.TestNG.runSuites(TestNG.java:1099)
	at org.testng.TestNG.run(TestNG.java:1067)
	at com.intellij.rt.testng.IDEARemoteTestNG.run(IDEARemoteTestNG.java:66)
	at com.intellij.rt.testng.RemoteTestNGStarter.main(RemoteTestNGStarter.java:109)
</div>
</div>
<p class="totop"><a href="#summary">back to summary</a></p>
<h2 id="m15">TestCases:accountRegistration_7</h2>
<table cellspacing="0" cellpadding="0" class="result">
<tr class="param"><th>Parameter #1</th></tr>
<tr class="param stripe"><td>Password{, password=&apos;ZXCAS1932!&apos;}</td>
</tr>
<tr><td>
<h3>Test Messages</h3>
[32m
Notification button located![0m<br/>
[32m
Successfully clicked passed Notification Screen![0m<br/>
[32m
'Sign up' button clicked![0m<br/>
[32m
'Accept terms' checked![0m<br/>
[32m
[0m<br/>
[32m
[0m<br/>
[32m
'Create account' button clicked![0m<br/>
[31m
Something went wrong when trying to create invalid email account: Can't locate an element by this strategy: By.chained({By.xpath: //android.widget.TextView[@text="This password does not meet the minimum requirements"]})[0m<br/>
<h3>Failure</h3>
<div class="stacktrace">utils.TestFailureException: [1;31mTest Case 7 FAILED![0m
	at utils.ElementAction.checkElementDisplayed(ElementAction.java:60)
	at screens.SignUpScreen.enterInvalidPassword(SignUpScreen.java:165)
	at TestCases.accountRegistration_7(TestCases.java:263)
	at java.base/jdk.internal.reflect.NativeMethodAccessorImpl.invoke0(Native Method)
	at java.base/jdk.internal.reflect.NativeMethodAccessorImpl.invoke(NativeMethodAccessorImpl.java:62)
	at java.base/jdk.internal.reflect.DelegatingMethodAccessorImpl.invoke(DelegatingMethodAccessorImpl.java:43)
	at java.base/java.lang.reflect.Method.invoke(Method.java:566)
	at org.testng.internal.invokers.MethodInvocationHelper.invokeMethod(MethodInvocationHelper.java:139)
	at org.testng.internal.invokers.TestInvoker.invokeMethod(TestInvoker.java:677)
	at org.testng.internal.invokers.TestInvoker.invokeTestMethod(TestInvoker.java:221)
	at org.testng.internal.invokers.MethodRunner.runInSequence(MethodRunner.java:50)
	at org.testng.internal.invokers.TestInvoker$MethodInvocationAgent.invoke(TestInvoker.java:969)
	at org.testng.internal.invokers.TestInvoker.invokeTestMethods(TestInvoker.java:194)
	at org.testng.internal.invokers.TestMethodWorker.invokeTestMethods(TestMethodWorker.java:148)
	at org.testng.internal.invokers.TestMethodWorker.run(TestMethodWorker.java:128)
	at java.base/java.util.ArrayList.forEach(ArrayList.java:1540)
	at org.testng.TestRunner.privateRun(TestRunner.java:829)
	at org.testng.TestRunner.run(TestRunner.java:602)
	at org.testng.SuiteRunner.runTest(SuiteRunner.java:437)
	at org.testng.SuiteRunner.runSequentially(SuiteRunner.java:431)
	at org.testng.SuiteRunner.privateRun(SuiteRunner.java:391)
	at org.testng.SuiteRunner.run(SuiteRunner.java:330)
	at org.testng.SuiteRunnerWorker.runSuite(SuiteRunnerWorker.java:52)
	at org.testng.SuiteRunnerWorker.run(SuiteRunnerWorker.java:95)
	at org.testng.TestNG.runSuitesSequentially(TestNG.java:1256)
	at org.testng.TestNG.runSuitesLocally(TestNG.java:1176)
	at org.testng.TestNG.runSuites(TestNG.java:1099)
	at org.testng.TestNG.run(TestNG.java:1067)
	at com.intellij.rt.testng.IDEARemoteTestNG.run(IDEARemoteTestNG.java:66)
	at com.intellij.rt.testng.RemoteTestNGStarter.main(RemoteTestNGStarter.java:109)
</div>
</td></tr>
</table>
<p class="totop"><a href="#summary">back to summary</a></p>
<h2 id="m16">TestCases:shareFunctionality_28</h2>
<div>
<h3>Test Messages</h3>
[32m
Successfully clicked passed Notification Screen![0m<br/>
[32m
'Log in ' button clicked![0m<br/>
[32m
Successfully entered email![0m<br/>
[32m
Password entered successfully![0m<br/>
[32m
'Next' button successfully clicked![0m<br/>
[32m
'Consent' screen 'Next' button clicked![0m<br/>
[32m
'Skip' button successfully clicked![0m<br/>
[32m
[0m<br/>
[32m
'Transfer' screen 'Skip' button clicked successfully![0m<br/>
[32m
Successfully clicked on category![0m<br/>
[32m
Clicked on sub-category button successfully![0m<br/>
[32m
Successfully clicked on type of item![0m<br/>
[32m
Successfully clicked on item![0m<br/>
[32m
Successfully clicked on 'Share' button![0m<br/>
[32m
Successfully clicked on 'Copy' button![0m<br/>
[32m
Successfully clicked on 'Share' button![0m<br/>
[32m
Successfully saved preview link: https://4fstore.com/women-s-casual-jogers-4fs23trof52-83s.html ![0m<br/>
[38;2;255;165;0m
Comparing links![0m<br/>
[31m
Copied link doesn't match! 
Copy: U2VlIGl0IG9uIDRGOiBodHRwczovLzRmc3RvcmUuY29tL3dvbWVuLXMtY2FzdWFsLWpvZ2Vycy00
ZnMyM3Ryb2Y1Mi04M3MuaHRtbA==
Should look like this: https://4fstore.com/women-s-casual-jogers-4fs23trof52-83s.html[0m<br/>
<h3>Failure</h3>
<div class="stacktrace">utils.TestFailureException: [1;31mTest Case 28 FAILED![0m
	at screens.ItemScreen.verifyLink(ItemScreen.java:185)
	at TestCases.shareFunctionality_28(TestCases.java:807)
	at java.base/jdk.internal.reflect.NativeMethodAccessorImpl.invoke0(Native Method)
	at java.base/jdk.internal.reflect.NativeMethodAccessorImpl.invoke(NativeMethodAccessorImpl.java:62)
	at java.base/jdk.internal.reflect.DelegatingMethodAccessorImpl.invoke(DelegatingMethodAccessorImpl.java:43)
	at java.base/java.lang.reflect.Method.invoke(Method.java:566)
	at org.testng.internal.invokers.MethodInvocationHelper.invokeMethod(MethodInvocationHelper.java:139)
	at org.testng.internal.invokers.TestInvoker.invokeMethod(TestInvoker.java:677)
	at org.testng.internal.invokers.TestInvoker.invokeTestMethod(TestInvoker.java:221)
	at org.testng.internal.invokers.MethodRunner.runInSequence(MethodRunner.java:50)
	at org.testng.internal.invokers.TestInvoker$MethodInvocationAgent.invoke(TestInvoker.java:969)
	at org.testng.internal.invokers.TestInvoker.invokeTestMethods(TestInvoker.java:194)
	at org.testng.internal.invokers.TestMethodWorker.invokeTestMethods(TestMethodWorker.java:148)
	at org.testng.internal.invokers.TestMethodWorker.run(TestMethodWorker.java:128)
	at java.base/java.util.ArrayList.forEach(ArrayList.java:1540)
	at org.testng.TestRunner.privateRun(TestRunner.java:829)
	at org.testng.TestRunner.run(TestRunner.java:602)
	at org.testng.SuiteRunner.runTest(SuiteRunner.java:437)
	at org.testng.SuiteRunner.runSequentially(SuiteRunner.java:431)
	at org.testng.SuiteRunner.privateRun(SuiteRunner.java:391)
	at org.testng.SuiteRunner.run(SuiteRunner.java:330)
	at org.testng.SuiteRunnerWorker.runSuite(SuiteRunnerWorker.java:52)
	at org.testng.SuiteRunnerWorker.run(SuiteRunnerWorker.java:95)
	at org.testng.TestNG.runSuitesSequentially(TestNG.java:1256)
	at org.testng.TestNG.runSuitesLocally(TestNG.java:1176)
	at org.testng.TestNG.runSuites(TestNG.java:1099)
	at org.testng.TestNG.run(TestNG.java:1067)
	at com.intellij.rt.testng.IDEARemoteTestNG.run(IDEARemoteTestNG.java:66)
	at com.intellij.rt.testng.RemoteTestNGStarter.main(RemoteTestNGStarter.java:109)
</div>
</div>
<p class="totop"><a href="#summary">back to summary</a></p>
<h2 id="m17">TestCases:accountRegistration_8</h2>
<div>
<h3>Test Messages</h3>
[32m
Successfully clicked passed Notification Screen![0m<br/>
[32m
'Sign up' button clicked![0m<br/>
[32m
'Accept terms' checked![0m<br/>
[32m
Email entered successfully![0m<br/>
[32m
Password entered successfully![0m<br/>
[32m
Successfully entered credentials![0m<br/>
[32m
'Create account' button clicked![0m<br/>
[31m
'Confirm Registration' screen did not appear: Can't locate an element by this strategy: By.chained({By.xpath: //android.widget.TextView[@resource-id="pl.com.fourf.ecommerce:id/confirm_title"]})[0m<br/>
<h3>Failure</h3>
<div class="stacktrace">utils.TestFailureException: [1;31mTest Case 8 FAILED![0m
	at utils.ElementAction.checkElementDisplayed(ElementAction.java:60)
	at screens.ConfirmRegistrationScreen.confirmRegistrationPage(ConfirmRegistrationScreen.java:45)
	at TestCases.accountRegistration_8(TestCases.java:282)
	at java.base/jdk.internal.reflect.NativeMethodAccessorImpl.invoke0(Native Method)
	at java.base/jdk.internal.reflect.NativeMethodAccessorImpl.invoke(NativeMethodAccessorImpl.java:62)
	at java.base/jdk.internal.reflect.DelegatingMethodAccessorImpl.invoke(DelegatingMethodAccessorImpl.java:43)
	at java.base/java.lang.reflect.Method.invoke(Method.java:566)
	at org.testng.internal.invokers.MethodInvocationHelper.invokeMethod(MethodInvocationHelper.java:139)
	at org.testng.internal.invokers.TestInvoker.invokeMethod(TestInvoker.java:677)
	at org.testng.internal.invokers.TestInvoker.invokeTestMethod(TestInvoker.java:221)
	at org.testng.internal.invokers.MethodRunner.runInSequence(MethodRunner.java:50)
	at org.testng.internal.invokers.TestInvoker$MethodInvocationAgent.invoke(TestInvoker.java:969)
	at org.testng.internal.invokers.TestInvoker.invokeTestMethods(TestInvoker.java:194)
	at org.testng.internal.invokers.TestMethodWorker.invokeTestMethods(TestMethodWorker.java:148)
	at org.testng.internal.invokers.TestMethodWorker.run(TestMethodWorker.java:128)
	at java.base/java.util.ArrayList.forEach(ArrayList.java:1540)
	at org.testng.TestRunner.privateRun(TestRunner.java:829)
	at org.testng.TestRunner.run(TestRunner.java:602)
	at org.testng.SuiteRunner.runTest(SuiteRunner.java:437)
	at org.testng.SuiteRunner.runSequentially(SuiteRunner.java:431)
	at org.testng.SuiteRunner.privateRun(SuiteRunner.java:391)
	at org.testng.SuiteRunner.run(SuiteRunner.java:330)
	at org.testng.SuiteRunnerWorker.runSuite(SuiteRunnerWorker.java:52)
	at org.testng.SuiteRunnerWorker.run(SuiteRunnerWorker.java:95)
	at org.testng.TestNG.runSuitesSequentially(TestNG.java:1256)
	at org.testng.TestNG.runSuitesLocally(TestNG.java:1176)
	at org.testng.TestNG.runSuites(TestNG.java:1099)
	at org.testng.TestNG.run(TestNG.java:1067)
	at com.intellij.rt.testng.IDEARemoteTestNG.run(IDEARemoteTestNG.java:66)
	at com.intellij.rt.testng.RemoteTestNGStarter.main(RemoteTestNGStarter.java:109)
</div>
</div>
<p class="totop"><a href="#summary">back to summary</a></p>
<h2 id="m18">TestCases:accountRegistration_6</h2>
<table cellspacing="0" cellpadding="0" class="result">
<tr class="param"><th>Parameter #1</th></tr>
<tr class="param stripe"><td>Email{, email=&apos;xoheto3034@ngo1py.com&apos;}</td>
</tr>
<tr><td>
<h3>Test Messages</h3>
[32m
Notification button located![0m<br/>
[32m
Successfully clicked passed Notification Screen![0m<br/>
[32m
'Sign up' button clicked![0m<br/>
[32m
'Accept terms' checked![0m<br/>
[32m
[0m<br/>
[32m
[0m<br/>
[32m
'Create account' button clicked![0m<br/>
[31m
Something went wrong when trying to enter invalid email: Can't locate an element by this strategy: By.chained({By.xpath: //android.widget.TextView[@text="Enter a valid e-mail address"]})[0m<br/>
<h3>Failure</h3>
<div class="stacktrace">utils.TestFailureException: [1;31mTest Case 6 FAILED![0m
	at utils.ElementAction.checkElementDisplayed(ElementAction.java:60)
	at screens.SignUpScreen.fillInvalidEmail(SignUpScreen.java:141)
	at TestCases.accountRegistration_6(TestCases.java:244)
	at java.base/jdk.internal.reflect.NativeMethodAccessorImpl.invoke0(Native Method)
	at java.base/jdk.internal.reflect.NativeMethodAccessorImpl.invoke(NativeMethodAccessorImpl.java:62)
	at java.base/jdk.internal.reflect.DelegatingMethodAccessorImpl.invoke(DelegatingMethodAccessorImpl.java:43)
	at java.base/java.lang.reflect.Method.invoke(Method.java:566)
	at org.testng.internal.invokers.MethodInvocationHelper.invokeMethod(MethodInvocationHelper.java:139)
	at org.testng.internal.invokers.TestInvoker.invokeMethod(TestInvoker.java:677)
	at org.testng.internal.invokers.TestInvoker.invokeTestMethod(TestInvoker.java:221)
	at org.testng.internal.invokers.MethodRunner.runInSequence(MethodRunner.java:50)
	at org.testng.internal.invokers.TestInvoker$MethodInvocationAgent.invoke(TestInvoker.java:969)
	at org.testng.internal.invokers.TestInvoker.invokeTestMethods(TestInvoker.java:194)
	at org.testng.internal.invokers.TestMethodWorker.invokeTestMethods(TestMethodWorker.java:148)
	at org.testng.internal.invokers.TestMethodWorker.run(TestMethodWorker.java:128)
	at java.base/java.util.ArrayList.forEach(ArrayList.java:1540)
	at org.testng.TestRunner.privateRun(TestRunner.java:829)
	at org.testng.TestRunner.run(TestRunner.java:602)
	at org.testng.SuiteRunner.runTest(SuiteRunner.java:437)
	at org.testng.SuiteRunner.runSequentially(SuiteRunner.java:431)
	at org.testng.SuiteRunner.privateRun(SuiteRunner.java:391)
	at org.testng.SuiteRunner.run(SuiteRunner.java:330)
	at org.testng.SuiteRunnerWorker.runSuite(SuiteRunnerWorker.java:52)
	at org.testng.SuiteRunnerWorker.run(SuiteRunnerWorker.java:95)
	at org.testng.TestNG.runSuitesSequentially(TestNG.java:1256)
	at org.testng.TestNG.runSuitesLocally(TestNG.java:1176)
	at org.testng.TestNG.runSuites(TestNG.java:1099)
	at org.testng.TestNG.run(TestNG.java:1067)
	at com.intellij.rt.testng.IDEARemoteTestNG.run(IDEARemoteTestNG.java:66)
	at com.intellij.rt.testng.RemoteTestNGStarter.main(RemoteTestNGStarter.java:109)
</div>
</td></tr>
</table>
<p class="totop"><a href="#summary">back to summary</a></p>
<h2 id="m19">TestCases:accountRegistration_6</h2>
<table cellspacing="0" cellpadding="0" class="result">
<tr class="param"><th>Parameter #1</th></tr>
<tr class="param stripe"><td>Email{, email=&apos;xoheto3034@ngopy.car&apos;}</td>
</tr>
<tr><td>
<h3>Test Messages</h3>
[32m
Notification button located![0m<br/>
[32m
Successfully clicked passed Notification Screen![0m<br/>
[32m
'Sign up' button clicked![0m<br/>
[32m
'Accept terms' checked![0m<br/>
[32m
[0m<br/>
[32m
[0m<br/>
[32m
'Create account' button clicked![0m<br/>
[31m
Something went wrong when trying to enter invalid email: Can't locate an element by this strategy: By.chained({By.xpath: //android.widget.TextView[@text="Enter a valid e-mail address"]})[0m<br/>
<h3>Failure</h3>
<div class="stacktrace">utils.TestFailureException: [1;31mTest Case 6 FAILED![0m
	at utils.ElementAction.checkElementDisplayed(ElementAction.java:60)
	at screens.SignUpScreen.fillInvalidEmail(SignUpScreen.java:141)
	at TestCases.accountRegistration_6(TestCases.java:244)
	at jdk.internal.reflect.GeneratedMethodAccessor8.invoke(Unknown Source)
	at java.base/jdk.internal.reflect.DelegatingMethodAccessorImpl.invoke(DelegatingMethodAccessorImpl.java:43)
	at java.base/java.lang.reflect.Method.invoke(Method.java:566)
	at org.testng.internal.invokers.MethodInvocationHelper.invokeMethod(MethodInvocationHelper.java:139)
	at org.testng.internal.invokers.TestInvoker.invokeMethod(TestInvoker.java:677)
	at org.testng.internal.invokers.TestInvoker.invokeTestMethod(TestInvoker.java:221)
	at org.testng.internal.invokers.MethodRunner.runInSequence(MethodRunner.java:50)
	at org.testng.internal.invokers.TestInvoker$MethodInvocationAgent.invoke(TestInvoker.java:969)
	at org.testng.internal.invokers.TestInvoker.invokeTestMethods(TestInvoker.java:194)
	at org.testng.internal.invokers.TestMethodWorker.invokeTestMethods(TestMethodWorker.java:148)
	at org.testng.internal.invokers.TestMethodWorker.run(TestMethodWorker.java:128)
	at java.base/java.util.ArrayList.forEach(ArrayList.java:1540)
	at org.testng.TestRunner.privateRun(TestRunner.java:829)
	at org.testng.TestRunner.run(TestRunner.java:602)
	at org.testng.SuiteRunner.runTest(SuiteRunner.java:437)
	at org.testng.SuiteRunner.runSequentially(SuiteRunner.java:431)
	at org.testng.SuiteRunner.privateRun(SuiteRunner.java:391)
	at org.testng.SuiteRunner.run(SuiteRunner.java:330)
	at org.testng.SuiteRunnerWorker.runSuite(SuiteRunnerWorker.java:52)
	at org.testng.SuiteRunnerWorker.run(SuiteRunnerWorker.java:95)
	at org.testng.TestNG.runSuitesSequentially(TestNG.java:1256)
	at org.testng.TestNG.runSuitesLocally(TestNG.java:1176)
	at org.testng.TestNG.runSuites(TestNG.java:1099)
	at org.testng.TestNG.run(TestNG.java:1067)
	at com.intellij.rt.testng.IDEARemoteTestNG.run(IDEARemoteTestNG.java:66)
	at com.intellij.rt.testng.RemoteTestNGStarter.main(RemoteTestNGStarter.java:109)
</div>
</td></tr>
</table>
<p class="totop"><a href="#summary">back to summary</a></p>
<h2 id="m20">TestCases:accountRegistration_6</h2>
<table cellspacing="0" cellpadding="0" class="result">
<tr class="param"><th>Parameter #1</th></tr>
<tr class="param stripe"><td>Email{, email=&apos;xoheto3034@ngopy.c&apos;}</td>
</tr>
<tr><td>
<h3>Test Messages</h3>
[32m
Notification button located![0m<br/>
[32m
Successfully clicked passed Notification Screen![0m<br/>
[32m
'Sign up' button clicked![0m<br/>
[32m
'Accept terms' checked![0m<br/>
[32m
[0m<br/>
[32m
[0m<br/>
[32m
'Create account' button clicked![0m<br/>
[31m
Something went wrong when trying to enter invalid email: Can't locate an element by this strategy: By.chained({By.xpath: //android.widget.TextView[@text="Enter a valid e-mail address"]})[0m<br/>
<h3>Failure</h3>
<div class="stacktrace">utils.TestFailureException: [1;31mTest Case 6 FAILED![0m
	at utils.ElementAction.checkElementDisplayed(ElementAction.java:60)
	at screens.SignUpScreen.fillInvalidEmail(SignUpScreen.java:141)
	at TestCases.accountRegistration_6(TestCases.java:244)
	at java.base/jdk.internal.reflect.NativeMethodAccessorImpl.invoke0(Native Method)
	at java.base/jdk.internal.reflect.NativeMethodAccessorImpl.invoke(NativeMethodAccessorImpl.java:62)
	at java.base/jdk.internal.reflect.DelegatingMethodAccessorImpl.invoke(DelegatingMethodAccessorImpl.java:43)
	at java.base/java.lang.reflect.Method.invoke(Method.java:566)
	at org.testng.internal.invokers.MethodInvocationHelper.invokeMethod(MethodInvocationHelper.java:139)
	at org.testng.internal.invokers.TestInvoker.invokeMethod(TestInvoker.java:677)
	at org.testng.internal.invokers.TestInvoker.invokeTestMethod(TestInvoker.java:221)
	at org.testng.internal.invokers.MethodRunner.runInSequence(MethodRunner.java:50)
	at org.testng.internal.invokers.TestInvoker$MethodInvocationAgent.invoke(TestInvoker.java:969)
	at org.testng.internal.invokers.TestInvoker.invokeTestMethods(TestInvoker.java:194)
	at org.testng.internal.invokers.TestMethodWorker.invokeTestMethods(TestMethodWorker.java:148)
	at org.testng.internal.invokers.TestMethodWorker.run(TestMethodWorker.java:128)
	at java.base/java.util.ArrayList.forEach(ArrayList.java:1540)
	at org.testng.TestRunner.privateRun(TestRunner.java:829)
	at org.testng.TestRunner.run(TestRunner.java:602)
	at org.testng.SuiteRunner.runTest(SuiteRunner.java:437)
	at org.testng.SuiteRunner.runSequentially(SuiteRunner.java:431)
	at org.testng.SuiteRunner.privateRun(SuiteRunner.java:391)
	at org.testng.SuiteRunner.run(SuiteRunner.java:330)
	at org.testng.SuiteRunnerWorker.runSuite(SuiteRunnerWorker.java:52)
	at org.testng.SuiteRunnerWorker.run(SuiteRunnerWorker.java:95)
	at org.testng.TestNG.runSuitesSequentially(TestNG.java:1256)
	at org.testng.TestNG.runSuitesLocally(TestNG.java:1176)
	at org.testng.TestNG.runSuites(TestNG.java:1099)
	at org.testng.TestNG.run(TestNG.java:1067)
	at com.intellij.rt.testng.IDEARemoteTestNG.run(IDEARemoteTestNG.java:66)
	at com.intellij.rt.testng.RemoteTestNGStarter.main(RemoteTestNGStarter.java:109)
</div>
</td></tr>
</table>
<p class="totop"><a href="#summary">back to summary</a></p>
<h2 id="m21">TestCases:cartFunctionality_21</h2>
<div>
[32m
Successfully clicked passed Notification Screen![0m<br/>
[32m
'Log in ' button clicked![0m<br/>
[32m
Successfully entered email![0m<br/>
[32m
Password entered successfully![0m<br/>
[32m
'Next' button successfully clicked![0m<br/>
[32m
'Consent' screen 'Next' button clicked![0m<br/>
[32m
'Skip' button successfully clicked![0m<br/>
[32m
[0m<br/>
[32m
'Transfer' screen 'Skip' button clicked successfully![0m<br/>
[32m
Successfully clicked on category![0m<br/>
[32m
Clicked on sub-category button successfully![0m<br/>
[32m
Successfully clicked on type of item![0m<br/>
[32m
Successfully clicked on item![0m<br/>
[32m
Successfully clicked on 'Add to cart' button![0m<br/>
[32m
Successfully clicked on 'Check your cart' button![0m<br/>
[32m
'Item added to cart' screen appeared![0m<br/>
[32m
Successfully clicked on 'Check your cart' button!)[0m<br/>
[32m
Item by name of joggers found in cart![0m<br/>
</div>
<p class="totop"><a href="#summary">back to summary</a></p>
<h2 id="m22">TestCases:accountRegistration_7</h2>
<table cellspacing="0" cellpadding="0" class="result">
<tr class="param"><th>Parameter #1</th></tr>
<tr class="param stripe"><td>Password{, password=&apos;QWsd12!&apos;}</td>
</tr>
<tr><td>
[32m
Notification button located![0m<br/>
[32m
Successfully clicked passed Notification Screen![0m<br/>
[32m
'Sign up' button clicked![0m<br/>
[32m
'Accept terms' checked![0m<br/>
[32m
[0m<br/>
[32m
[0m<br/>
[32m
'Create account' button clicked![0m<br/>
[32m
No accounts can be created with invalid Password![0m<br/>
</td></tr>
</table>
<p class="totop"><a href="#summary">back to summary</a></p>
<h2 id="m23">TestCases:wishListFunctionality_25</h2>
<div>
[32m
Successfully clicked passed Notification Screen![0m<br/>
[32m
'Log in ' button clicked![0m<br/>
[32m
Successfully entered email![0m<br/>
[32m
Password entered successfully![0m<br/>
[32m
'Next' button successfully clicked![0m<br/>
[32m
'Consent' screen 'Next' button clicked![0m<br/>
[32m
'Skip' button successfully clicked![0m<br/>
[32m
[0m<br/>
[32m
'Transfer' screen 'Skip' button clicked successfully![0m<br/>
[32m
Successfully clicked on category![0m<br/>
[32m
Clicked on sub-category button successfully![0m<br/>
[32m
Successfully clicked on type of item![0m<br/>
[32m
Successfully clicked on item![0m<br/>
[32m
Successfully clicked on heart button![0m<br/>
[32m
Successfully clicked on 'return' button![0m<br/>
[32m
[0m<br/>
[32m
Item in Wishlist located![0m<br/>
</div>
<p class="totop"><a href="#summary">back to summary</a></p>
<h2 id="m24">TestCases:accountRegistration_6</h2>
<table cellspacing="0" cellpadding="0" class="result">
<tr class="param"><th>Parameter #1</th></tr>
<tr class="param stripe"><td>Email{, email=&apos;xoheto3034@ngopy,com&apos;}</td>
</tr>
<tr><td>
[32m
Notification button located![0m<br/>
[32m
Successfully clicked passed Notification Screen![0m<br/>
[32m
'Sign up' button clicked![0m<br/>
[32m
'Accept terms' checked![0m<br/>
[32m
[0m<br/>
[32m
[0m<br/>
[32m
'Create account' button clicked![0m<br/>
[32m
No accounts can be created with invalid email![0m<br/>
</td></tr>
</table>
<p class="totop"><a href="#summary">back to summary</a></p>
<h2 id="m25">TestCases:accountRegistration_6</h2>
<table cellspacing="0" cellpadding="0" class="result">
<tr class="param"><th>Parameter #1</th></tr>
<tr class="param stripe"><td>Email{, email=&apos;xoheto3034@!@#$.com&apos;}</td>
</tr>
<tr><td>
[32m
Notification button located![0m<br/>
[32m
Successfully clicked passed Notification Screen![0m<br/>
[32m
'Sign up' button clicked![0m<br/>
[32m
'Accept terms' checked![0m<br/>
[32m
[0m<br/>
[32m
[0m<br/>
[32m
'Create account' button clicked![0m<br/>
[32m
No accounts can be created with invalid email![0m<br/>
</td></tr>
</table>
<p class="totop"><a href="#summary">back to summary</a></p>
<h2 id="m26">TestCases:LogIn_11</h2>
<table cellspacing="0" cellpadding="0" class="result">
<tr class="param"><th>Parameter #1</th></tr>
<tr class="param stripe"><td>Login{, email=&apos;xoheto3034@ngopy.com&apos;, password=&apos;xoheto3034!&apos;}</td>
</tr>
<tr><td>
[32m
Successfully clicked passed Notification Screen![0m<br/>
[32m
'Log in ' button clicked![0m<br/>
[32m
[0m<br/>
[32m
[0m<br/>
[32m
'Next' button successfully clicked![0m<br/>
[32m
'Log in' screen appeared![0m<br/>
[38;2;255;165;0m
Can't login with invalid credentials![0m<br/>
</td></tr>
</table>
<p class="totop"><a href="#summary">back to summary</a></p>
<h2 id="m27">TestCases:accountRegistration_7</h2>
<table cellspacing="0" cellpadding="0" class="result">
<tr class="param"><th>Parameter #1</th></tr>
<tr class="param stripe"><td>Password{, password=&apos;FDWkwe!?&apos;}</td>
</tr>
<tr><td>
[32m
Notification button located![0m<br/>
[32m
Successfully clicked passed Notification Screen![0m<br/>
[32m
'Sign up' button clicked![0m<br/>
[32m
'Accept terms' checked![0m<br/>
[32m
[0m<br/>
[32m
[0m<br/>
[32m
'Create account' button clicked![0m<br/>
[32m
No accounts can be created with invalid Password![0m<br/>
</td></tr>
</table>
<p class="totop"><a href="#summary">back to summary</a></p>
<h2 id="m28">TestCases:LogIn_11</h2>
<table cellspacing="0" cellpadding="0" class="result">
<tr class="param"><th>Parameter #1</th></tr>
<tr class="param stripe"><td>Login{, email=&apos;xoheto3034@ngopycom&apos;, password=&apos;Xoheto3034&apos;}</td>
</tr>
<tr><td>
[32m
Successfully clicked passed Notification Screen![0m<br/>
[32m
'Log in ' button clicked![0m<br/>
[32m
[0m<br/>
[32m
[0m<br/>
[32m
'Next' button successfully clicked![0m<br/>
[32m
'Log in' screen appeared![0m<br/>
[38;2;255;165;0m
Can't login with invalid credentials![0m<br/>
</td></tr>
</table>
<p class="totop"><a href="#summary">back to summary</a></p>
<h2 id="m29">TestCases:LogIn_11</h2>
<table cellspacing="0" cellpadding="0" class="result">
<tr class="param"><th>Parameter #1</th></tr>
<tr class="param stripe"><td>Login{, email=&apos;xoheto3034@ngopy.com&apos;, password=&apos;&apos;}</td>
</tr>
<tr><td>
[32m
Successfully clicked passed Notification Screen![0m<br/>
[32m
'Log in ' button clicked![0m<br/>
[32m
[0m<br/>
[32m
[0m<br/>
[32m
'Next' button successfully clicked![0m<br/>
[32m
'Log in' screen appeared![0m<br/>
[38;2;255;165;0m
Can't login with invalid credentials![0m<br/>
</td></tr>
</table>
<p class="totop"><a href="#summary">back to summary</a></p>
<h2 id="m30">TestCases:LogIn_11</h2>
<table cellspacing="0" cellpadding="0" class="result">
<tr class="param"><th>Parameter #1</th></tr>
<tr class="param stripe"><td>Login{, email=&apos;xoheto3034@ngopy..com&apos;, password=&apos;Xo3034!&apos;}</td>
</tr>
<tr><td>
[32m
Successfully clicked passed Notification Screen![0m<br/>
[32m
'Log in ' button clicked![0m<br/>
[32m
[0m<br/>
[32m
[0m<br/>
[32m
'Next' button successfully clicked![0m<br/>
[32m
'Log in' screen appeared![0m<br/>
[38;2;255;165;0m
Can't login with invalid credentials![0m<br/>
</td></tr>
</table>
<p class="totop"><a href="#summary">back to summary</a></p>
<h2 id="m31">TestCases:appDownload_1</h2>
<div>
[32m
App is located in the correct directory!
App is located on home screen!
[0m<br/>
</div>
<p class="totop"><a href="#summary">back to summary</a></p>
<h2 id="m32">TestCases:LogIn_11</h2>
<table cellspacing="0" cellpadding="0" class="result">
<tr class="param"><th>Parameter #1</th></tr>
<tr class="param stripe"><td>Login{, email=&apos;xoheto3034ngopy.com&apos;, password=&apos;Xoheto3034!&apos;}</td>
</tr>
<tr><td>
[32m
Successfully clicked passed Notification Screen![0m<br/>
[32m
'Log in ' button clicked![0m<br/>
[32m
[0m<br/>
[32m
[0m<br/>
[32m
'Next' button successfully clicked![0m<br/>
[32m
'Log in' screen appeared![0m<br/>
[38;2;255;165;0m
Can't login with invalid credentials![0m<br/>
</td></tr>
</table>
<p class="totop"><a href="#summary">back to summary</a></p>
<h2 id="m33">TestCases:accountRegistration_6</h2>
<table cellspacing="0" cellpadding="0" class="result">
<tr class="param"><th>Parameter #1</th></tr>
<tr class="param stripe"><td>Email{, email=&apos;xoheto3034@-ngopy.com&apos;}</td>
</tr>
<tr><td>
[32m
Notification button located![0m<br/>
[32m
Successfully clicked passed Notification Screen![0m<br/>
[32m
'Sign up' button clicked![0m<br/>
[32m
'Accept terms' checked![0m<br/>
[32m
[0m<br/>
[32m
[0m<br/>
[32m
'Create account' button clicked![0m<br/>
[32m
No accounts can be created with invalid email![0m<br/>
</td></tr>
</table>
<p class="totop"><a href="#summary">back to summary</a></p>
<h2 id="m34">TestCases:LogIn_11</h2>
<table cellspacing="0" cellpadding="0" class="result">
<tr class="param"><th>Parameter #1</th></tr>
<tr class="param stripe"><td>Login{, email=&apos;3034@ngopy.com&apos;, password=&apos;XOHETO!@#$&apos;}</td>
</tr>
<tr><td>
[32m
Successfully clicked passed Notification Screen![0m<br/>
[32m
'Log in ' button clicked![0m<br/>
[32m
[0m<br/>
[32m
[0m<br/>
[32m
'Next' button successfully clicked![0m<br/>
[32m
'Log in' screen appeared![0m<br/>
[38;2;255;165;0m
Can't login with invalid credentials![0m<br/>
</td></tr>
</table>
<p class="totop"><a href="#summary">back to summary</a></p>
<h2 id="m35">TestCases:LogIn_11</h2>
<table cellspacing="0" cellpadding="0" class="result">
<tr class="param"><th>Parameter #1</th></tr>
<tr class="param stripe"><td>Login{, email=&apos;xoheto3034@ngopy.&apos;, password=&apos;Xoheto3034!&apos;}</td>
</tr>
<tr><td>
[32m
Successfully clicked passed Notification Screen![0m<br/>
[32m
'Log in ' button clicked![0m<br/>
[32m
[0m<br/>
[32m
[0m<br/>
[32m
'Next' button successfully clicked![0m<br/>
[32m
'Log in' screen appeared![0m<br/>
[38;2;255;165;0m
Can't login with invalid credentials![0m<br/>
</td></tr>
</table>
<p class="totop"><a href="#summary">back to summary</a></p>
<h2 id="m36">TestCases:loggingOut_15</h2>
<div>
[32m
Successfully clicked passed Notification Screen![0m<br/>
[32m
'Log in ' button clicked![0m<br/>
[32m
Successfully entered email![0m<br/>
[32m
Password entered successfully![0m<br/>
[32m
'Next' button successfully clicked![0m<br/>
[32m
'Consent' screen 'Next' button clicked![0m<br/>
[32m
'Skip' button successfully clicked![0m<br/>
[32m
Successfully clicked on account button![0m<br/>
[32m
'Log out' on Account Screen successfully clicked![0m<br/>
</div>
<p class="totop"><a href="#summary">back to summary</a></p>
<h2 id="m37">TestCases:itemFunctionality_20</h2>
<div>
[32m
Successfully clicked passed Notification Screen![0m<br/>
[32m
'Log in ' button clicked![0m<br/>
[32m
Successfully entered email![0m<br/>
[32m
Password entered successfully![0m<br/>
[32m
'Next' button successfully clicked![0m<br/>
[32m
'Consent' screen 'Next' button clicked![0m<br/>
[32m
'Skip' button successfully clicked![0m<br/>
[32m
[0m<br/>
[32m
'Transfer' screen 'Skip' button clicked successfully![0m<br/>
[32m
Successfully clicked on category![0m<br/>
[32m
Clicked on sub-category button successfully![0m<br/>
[32m
Successfully clicked on type of item![0m<br/>
[32m
Successfully clicked on item![0m<br/>
[32m
Items name located![0m<br/>
[38;2;255;165;0m
COMPARE: 
Element text: joggers
Expected text: joggers[0m<br/>
[32m
EQUAL![0m<br/>
[32m
Verified items name! [0m<br/>
</div>
<p class="totop"><a href="#summary">back to summary</a></p>
<h2 id="m38">TestCases:cartFunctionality_23</h2>
<div>
[32m
Successfully clicked passed Notification Screen![0m<br/>
[32m
'Log in ' button clicked![0m<br/>
[32m
Successfully entered email![0m<br/>
[32m
Password entered successfully![0m<br/>
[32m
'Next' button successfully clicked![0m<br/>
[32m
'Consent' screen 'Next' button clicked![0m<br/>
[32m
'Skip' button successfully clicked![0m<br/>
[32m
[0m<br/>
[32m
'Transfer' screen 'Skip' button clicked successfully![0m<br/>
[32m
Successfully clicked on category![0m<br/>
[32m
Clicked on sub-category button successfully![0m<br/>
[32m
Successfully clicked on type of item![0m<br/>
[32m
Successfully clicked on item![0m<br/>
[32m
Successfully clicked on 'Add to cart' button![0m<br/>
[32m
Successfully clicked on 'Check your cart' button![0m<br/>
[32m
'Item added to cart' screen appeared![0m<br/>
[32m
Successfully clicked on 'Check your cart' button!)[0m<br/>
[32m
Item by name of joggers found in cart![0m<br/>
[32m
Successfully clicked on 'More options' button![0m<br/>
[32m
Successfully clicked on 'Move' button![0m<br/>
[32m
Cart is empty![0m<br/>
[32m
[0m<br/>
[32m
Item in Wishlist located![0m<br/>
[32m
[0m<br/>
[32m
Cart is empty![0m<br/>
</div>
<p class="totop"><a href="#summary">back to summary</a></p>
<h2 id="m39">TestCases:accountRegistration_7</h2>
<table cellspacing="0" cellpadding="0" class="result">
<tr class="param"><th>Parameter #1</th></tr>
<tr class="param stripe"><td>Password{, password=&apos;qwertyui&apos;}</td>
</tr>
<tr><td>
[32m
Notification button located![0m<br/>
[32m
Successfully clicked passed Notification Screen![0m<br/>
[32m
'Sign up' button clicked![0m<br/>
[32m
'Accept terms' checked![0m<br/>
[32m
[0m<br/>
[32m
[0m<br/>
[32m
'Create account' button clicked![0m<br/>
[32m
No accounts can be created with invalid Password![0m<br/>
</td></tr>
</table>
<p class="totop"><a href="#summary">back to summary</a></p>
<h2 id="m40">TestCases:accountRegistration_7</h2>
<table cellspacing="0" cellpadding="0" class="result">
<tr class="param"><th>Parameter #1</th></tr>
<tr class="param stripe"><td>Password{, password=&apos;QWERxc&apos;}</td>
</tr>
<tr><td>
[32m
Notification button located![0m<br/>
[32m
Successfully clicked passed Notification Screen![0m<br/>
[32m
'Sign up' button clicked![0m<br/>
[32m
'Accept terms' checked![0m<br/>
[32m
[0m<br/>
[32m
[0m<br/>
[32m
'Create account' button clicked![0m<br/>
[32m
No accounts can be created with invalid Password![0m<br/>
</td></tr>
</table>
<p class="totop"><a href="#summary">back to summary</a></p>
<h2 id="m41">TestCases:accountRegistration_7</h2>
<table cellspacing="0" cellpadding="0" class="result">
<tr class="param"><th>Parameter #1</th></tr>
<tr class="param stripe"><td>Password{, password=&apos;QWERasdfg&apos;}</td>
</tr>
<tr><td>
[32m
Notification button located![0m<br/>
[32m
Successfully clicked passed Notification Screen![0m<br/>
[32m
'Sign up' button clicked![0m<br/>
[32m
'Accept terms' checked![0m<br/>
[32m
[0m<br/>
[32m
[0m<br/>
[32m
'Create account' button clicked![0m<br/>
[32m
No accounts can be created with invalid Password![0m<br/>
</td></tr>
</table>
<p class="totop"><a href="#summary">back to summary</a></p>
<h2 id="m42">TestCases:LogIn_11</h2>
<table cellspacing="0" cellpadding="0" class="result">
<tr class="param"><th>Parameter #1</th></tr>
<tr class="param stripe"><td>Login{, email=&apos;xoheto3034@ngopy.com&apos;, password=&apos;XOHETO3034!&apos;}</td>
</tr>
<tr><td>
[32m
Successfully clicked passed Notification Screen![0m<br/>
[32m
'Log in ' button clicked![0m<br/>
[32m
[0m<br/>
[32m
[0m<br/>
[32m
'Next' button successfully clicked![0m<br/>
[32m
'Log in' screen appeared![0m<br/>
[38;2;255;165;0m
Can't login with invalid credentials![0m<br/>
</td></tr>
</table>
<p class="totop"><a href="#summary">back to summary</a></p>
<h2 id="m43">TestCases:accountRegistration_7</h2>
<table cellspacing="0" cellpadding="0" class="result">
<tr class="param"><th>Parameter #1</th></tr>
<tr class="param stripe"><td>Password{, password=&apos;QWsd12&apos;}</td>
</tr>
<tr><td>
[32m
Notification button located![0m<br/>
[32m
Successfully clicked passed Notification Screen![0m<br/>
[32m
'Sign up' button clicked![0m<br/>
[32m
'Accept terms' checked![0m<br/>
[32m
[0m<br/>
[32m
[0m<br/>
[32m
'Create account' button clicked![0m<br/>
[32m
No accounts can be created with invalid Password![0m<br/>
</td></tr>
</table>
<p class="totop"><a href="#summary">back to summary</a></p>
<h2 id="m44">TestCases:accountRegistration_7</h2>
<table cellspacing="0" cellpadding="0" class="result">
<tr class="param"><th>Parameter #1</th></tr>
<tr class="param stripe"><td>Password{, password=&apos;qwerty123&apos;}</td>
</tr>
<tr><td>
[32m
Notification button located![0m<br/>
[32m
Successfully clicked passed Notification Screen![0m<br/>
[32m
'Sign up' button clicked![0m<br/>
[32m
'Accept terms' checked![0m<br/>
[32m
[0m<br/>
[32m
[0m<br/>
[32m
'Create account' button clicked![0m<br/>
[32m
No accounts can be created with invalid Password![0m<br/>
</td></tr>
</table>
<p class="totop"><a href="#summary">back to summary</a></p>
<h2 id="m45">TestCases:LogIn_11</h2>
<table cellspacing="0" cellpadding="0" class="result">
<tr class="param"><th>Parameter #1</th></tr>
<tr class="param stripe"><td>Login{, email=&apos;xoheto3034&apos;, password=&apos;Xo3034!&apos;}</td>
</tr>
<tr><td>
[32m
Successfully clicked passed Notification Screen![0m<br/>
[32m
'Log in ' button clicked![0m<br/>
[32m
[0m<br/>
[32m
[0m<br/>
[32m
'Next' button successfully clicked![0m<br/>
[32m
'Log in' screen appeared![0m<br/>
[38;2;255;165;0m
Can't login with invalid credentials![0m<br/>
</td></tr>
</table>
<p class="totop"><a href="#summary">back to summary</a></p>
<h2 id="m46">TestCases:accountRegistration_7</h2>
<table cellspacing="0" cellpadding="0" class="result">
<tr class="param"><th>Parameter #1</th></tr>
<tr class="param stripe"><td>Password{, password=&apos;abcd&apos;}</td>
</tr>
<tr><td>
[32m
Notification button located![0m<br/>
[32m
Successfully clicked passed Notification Screen![0m<br/>
[32m
'Sign up' button clicked![0m<br/>
[32m
'Accept terms' checked![0m<br/>
[32m
[0m<br/>
[32m
[0m<br/>
[32m
'Create account' button clicked![0m<br/>
[32m
No accounts can be created with invalid Password![0m<br/>
</td></tr>
</table>
<p class="totop"><a href="#summary">back to summary</a></p>
<h2 id="m47">TestCases:accountRegistration_6</h2>
<table cellspacing="0" cellpadding="0" class="result">
<tr class="param"><th>Parameter #1</th></tr>
<tr class="param stripe"><td>Email{, email=&apos;xoheto3034@ngopy..com&apos;}</td>
</tr>
<tr><td>
[32m
Notification button located![0m<br/>
[32m
Successfully clicked passed Notification Screen![0m<br/>
[32m
'Sign up' button clicked![0m<br/>
[32m
'Accept terms' checked![0m<br/>
[32m
[0m<br/>
[32m
[0m<br/>
[32m
'Create account' button clicked![0m<br/>
[32m
No accounts can be created with invalid email![0m<br/>
</td></tr>
</table>
<p class="totop"><a href="#summary">back to summary</a></p>
<h2 id="m48">TestCases:accountRegistration_6</h2>
<table cellspacing="0" cellpadding="0" class="result">
<tr class="param"><th>Parameter #1</th></tr>
<tr class="param stripe"><td>Email{, email=&apos;xoheto3034@.com&apos;}</td>
</tr>
<tr><td>
[32m
Notification button located![0m<br/>
[32m
Successfully clicked passed Notification Screen![0m<br/>
[32m
'Sign up' button clicked![0m<br/>
[32m
'Accept terms' checked![0m<br/>
[32m
[0m<br/>
[32m
[0m<br/>
[32m
'Create account' button clicked![0m<br/>
[32m
No accounts can be created with invalid email![0m<br/>
</td></tr>
</table>
<p class="totop"><a href="#summary">back to summary</a></p>
<h2 id="m49">TestCases:LogIn_11</h2>
<table cellspacing="0" cellpadding="0" class="result">
<tr class="param"><th>Parameter #1</th></tr>
<tr class="param stripe"><td>Login{, email=&apos;&apos;, password=&apos;Xoheto3034!&apos;}</td>
</tr>
<tr><td>
[32m
Successfully clicked passed Notification Screen![0m<br/>
[32m
'Log in ' button clicked![0m<br/>
[32m
[0m<br/>
[32m
[0m<br/>
[32m
'Next' button successfully clicked![0m<br/>
[32m
'Log in' screen appeared![0m<br/>
[38;2;255;165;0m
Can't login with invalid credentials![0m<br/>
</td></tr>
</table>
<p class="totop"><a href="#summary">back to summary</a></p>
<h2 id="m50">TestCases:accountRegistration_7</h2>
<table cellspacing="0" cellpadding="0" class="result">
<tr class="param"><th>Parameter #1</th></tr>
<tr class="param stripe"><td>Password{, password=&apos;ZXCVBX986&apos;}</td>
</tr>
<tr><td>
[32m
Notification button located![0m<br/>
[32m
Successfully clicked passed Notification Screen![0m<br/>
[32m
'Sign up' button clicked![0m<br/>
[32m
'Accept terms' checked![0m<br/>
[32m
[0m<br/>
[32m
[0m<br/>
[32m
'Create account' button clicked![0m<br/>
[32m
No accounts can be created with invalid Password![0m<br/>
</td></tr>
</table>
<p class="totop"><a href="#summary">back to summary</a></p>
<h2 id="m51">TestCases:cartFunctionality_22</h2>
<div>
[32m
Successfully clicked passed Notification Screen![0m<br/>
[32m
'Log in ' button clicked![0m<br/>
[32m
Successfully entered email![0m<br/>
[32m
Password entered successfully![0m<br/>
[32m
'Next' button successfully clicked![0m<br/>
[32m
'Consent' screen 'Next' button clicked![0m<br/>
[32m
'Skip' button successfully clicked![0m<br/>
[32m
[0m<br/>
[32m
Successfully clicked on 'More options' button![0m<br/>
[32m
Successfully clicked on 'Delete' button[0m<br/>
[32m
Cart is empty![0m<br/>
</div>
<p class="totop"><a href="#summary">back to summary</a></p>
<h2 id="m52">TestCases:accountRegistration_7</h2>
<table cellspacing="0" cellpadding="0" class="result">
<tr class="param"><th>Parameter #1</th></tr>
<tr class="param stripe"><td>Password{, password=&apos;!@£$%^&amp;*&apos;}</td>
</tr>
<tr><td>
[32m
Notification button located![0m<br/>
[32m
Successfully clicked passed Notification Screen![0m<br/>
[32m
'Sign up' button clicked![0m<br/>
[32m
'Accept terms' checked![0m<br/>
[32m
[0m<br/>
[32m
[0m<br/>
[32m
'Create account' button clicked![0m<br/>
[32m
No accounts can be created with invalid Password![0m<br/>
</td></tr>
</table>
<p class="totop"><a href="#summary">back to summary</a></p>
<h2 id="m53">TestCases:LogIn_10</h2>
<div>
[32m
Successfully clicked passed Notification Screen![0m<br/>
[32m
'Log in ' button clicked![0m<br/>
[32m
Successfully entered email![0m<br/>
[32m
Password entered successfully![0m<br/>
[32m
'Next' button successfully clicked![0m<br/>
[32m
'Consent' screen appeared![0m<br/>
</div>
<p class="totop"><a href="#summary">back to summary</a></p>
<h2 id="m54">TestCases:accountRegistration_6</h2>
<table cellspacing="0" cellpadding="0" class="result">
<tr class="param"><th>Parameter #1</th></tr>
<tr class="param stripe"><td>Email{, email=&apos;xoheto3034ngopy.com&apos;}</td>
</tr>
<tr><td>
[32m
Notification button located![0m<br/>
[32m
Successfully clicked passed Notification Screen![0m<br/>
[32m
'Sign up' button clicked![0m<br/>
[32m
'Accept terms' checked![0m<br/>
[32m
[0m<br/>
[32m
[0m<br/>
[32m
'Create account' button clicked![0m<br/>
[32m
No accounts can be created with invalid email![0m<br/>
</td></tr>
</table>
<p class="totop"><a href="#summary">back to summary</a></p>
<h2 id="m55">TestCases:LogIn_11</h2>
<table cellspacing="0" cellpadding="0" class="result">
<tr class="param"><th>Parameter #1</th></tr>
<tr class="param stripe"><td>Login{, email=&apos;xoheto3034@ngopy,com&apos;, password=&apos;Xoheto3034&apos;}</td>
</tr>
<tr><td>
[32m
Successfully clicked passed Notification Screen![0m<br/>
[32m
'Log in ' button clicked![0m<br/>
[32m
[0m<br/>
[32m
[0m<br/>
[32m
'Next' button successfully clicked![0m<br/>
[32m
'Log in' screen appeared![0m<br/>
[38;2;255;165;0m
Can't login with invalid credentials![0m<br/>
</td></tr>
</table>
<p class="totop"><a href="#summary">back to summary</a></p>
<h2 id="m56">TestCases:logIn_9</h2>
<div>
[32m
Successfully clicked passed Notification Screen![0m<br/>
[32m
'Sign up' button clicked![0m<br/>
[32m
'Log In' successfully located, clicked![0m<br/>
[32m
'Log in' screen appeared![0m<br/>
</div>
<p class="totop"><a href="#summary">back to summary</a></p>
<h2 id="m57">TestCases:accountRegistration_7</h2>
<table cellspacing="0" cellpadding="0" class="result">
<tr class="param"><th>Parameter #1</th></tr>
<tr class="param stripe"><td>Password{, password=&apos;ASDFGHJK&apos;}</td>
</tr>
<tr><td>
[32m
Notification button located![0m<br/>
[32m
Successfully clicked passed Notification Screen![0m<br/>
[32m
'Sign up' button clicked![0m<br/>
[32m
'Accept terms' checked![0m<br/>
[32m
[0m<br/>
[32m
[0m<br/>
[32m
'Create account' button clicked![0m<br/>
[32m
No accounts can be created with invalid Password![0m<br/>
</td></tr>
</table>
<p class="totop"><a href="#summary">back to summary</a></p>
<h2 id="m58">TestCases:accountRegistration_6</h2>
<table cellspacing="0" cellpadding="0" class="result">
<tr class="param"><th>Parameter #1</th></tr>
<tr class="param stripe"><td>Email{, email=&apos;xoheto3034@ngopycom&apos;}</td>
</tr>
<tr><td>
[32m
Notification button located![0m<br/>
[32m
Successfully clicked passed Notification Screen![0m<br/>
[32m
'Sign up' button clicked![0m<br/>
[32m
'Accept terms' checked![0m<br/>
[32m
[0m<br/>
[32m
[0m<br/>
[32m
'Create account' button clicked![0m<br/>
[32m
No accounts can be created with invalid email![0m<br/>
</td></tr>
</table>
<p class="totop"><a href="#summary">back to summary</a></p>
<h2 id="m59">TestCases:accountRegistration_7</h2>
<table cellspacing="0" cellpadding="0" class="result">
<tr class="param"><th>Parameter #1</th></tr>
<tr class="param stripe"><td>Password{, password=&apos;QWERT&apos;}</td>
</tr>
<tr><td>
[32m
Notification button located![0m<br/>
[32m
Successfully clicked passed Notification Screen![0m<br/>
[32m
'Sign up' button clicked![0m<br/>
[32m
'Accept terms' checked![0m<br/>
[32m
[0m<br/>
[32m
[0m<br/>
[32m
'Create account' button clicked![0m<br/>
[32m
No accounts can be created with invalid Password![0m<br/>
</td></tr>
</table>
<p class="totop"><a href="#summary">back to summary</a></p>
<h2 id="m60">TestCases:questMode_12</h2>
<div>
[32m
Successfully clicked passed Notification Screen![0m<br/>
[32m
'Log in as a guest' button clicked![0m<br/>
[32m
Successfully clicked on account button![0m<br/>
[32m
Account is in guest mode![0m<br/>
</div>
<p class="totop"><a href="#summary">back to summary</a></p>
<h2 id="m61">TestCases:accountRegistration_7</h2>
<table cellspacing="0" cellpadding="0" class="result">
<tr class="param"><th>Parameter #1</th></tr>
<tr class="param stripe"><td>Password{, password=&apos;123456789&apos;}</td>
</tr>
<tr><td>
[32m
Notification button located![0m<br/>
[32m
Successfully clicked passed Notification Screen![0m<br/>
[32m
'Sign up' button clicked![0m<br/>
[32m
'Accept terms' checked![0m<br/>
[32m
[0m<br/>
[32m
[0m<br/>
[32m
'Create account' button clicked![0m<br/>
[32m
No accounts can be created with invalid Password![0m<br/>
</td></tr>
</table>
<p class="totop"><a href="#summary">back to summary</a></p>
<h2 id="m62">TestCases:LogIn_11</h2>
<table cellspacing="0" cellpadding="0" class="result">
<tr class="param"><th>Parameter #1</th></tr>
<tr class="param stripe"><td>Login{, email=&apos;xoheto3034@!@#$%^.com&apos;, password=&apos;xoheto3034&apos;}</td>
</tr>
<tr><td>
[32m
Successfully clicked passed Notification Screen![0m<br/>
[32m
'Log in ' button clicked![0m<br/>
[32m
[0m<br/>
[32m
[0m<br/>
[32m
'Next' button successfully clicked![0m<br/>
[32m
'Log in' screen appeared![0m<br/>
[38;2;255;165;0m
Can't login with invalid credentials![0m<br/>
</td></tr>
</table>
<p class="totop"><a href="#summary">back to summary</a></p>
<h2 id="m63">TestCases:accountRegistration_6</h2>
<table cellspacing="0" cellpadding="0" class="result">
<tr class="param"><th>Parameter #1</th></tr>
<tr class="param stripe"><td>Email{, email=&apos;xoheto3034@ngopy-.com&apos;}</td>
</tr>
<tr><td>
[32m
Notification button located![0m<br/>
[32m
Successfully clicked passed Notification Screen![0m<br/>
[32m
'Sign up' button clicked![0m<br/>
[32m
'Accept terms' checked![0m<br/>
[32m
[0m<br/>
[32m
[0m<br/>
[32m
'Create account' button clicked![0m<br/>
[32m
No accounts can be created with invalid email![0m<br/>
</td></tr>
</table>
<p class="totop"><a href="#summary">back to summary</a></p>
<h2 id="m64">TestCases:searchFunctionality_17</h2>
<div>
[32m
Successfully clicked passed Notification Screen![0m<br/>
[32m
'Log in ' button clicked![0m<br/>
[32m
Successfully entered email![0m<br/>
[32m
Password entered successfully![0m<br/>
[32m
'Next' button successfully clicked![0m<br/>
[32m
'Consent' screen 'Next' button clicked![0m<br/>
[32m
'Skip' button successfully clicked![0m<br/>
[32m
[0m<br/>
[32m
'Transfer' screen 'Skip' button clicked successfully![0m<br/>
[32m
Successfully enter text into search bar!
 Search...............[0m<br/>
[32m
Successfully 'Clear' button clicked![0m<br/>
[38;2;255;165;0m
COMPARE: 
Element text: 
Expected text: [0m<br/>
[1;32m
EQUAL![0m<br/>
</div>
<p class="totop"><a href="#summary">back to summary</a></p>
<h2 id="m65">TestCases:accountRegistration_7</h2>
<table cellspacing="0" cellpadding="0" class="result">
<tr class="param"><th>Parameter #1</th></tr>
<tr class="param stripe"><td>Password{, password=&apos;qwerty!@#&apos;}</td>
</tr>
<tr><td>
[32m
Notification button located![0m<br/>
[32m
Successfully clicked passed Notification Screen![0m<br/>
[32m
'Sign up' button clicked![0m<br/>
[32m
'Accept terms' checked![0m<br/>
[32m
[0m<br/>
[32m
[0m<br/>
[32m
'Create account' button clicked![0m<br/>
[32m
No accounts can be created with invalid Password![0m<br/>
</td></tr>
</table>
<p class="totop"><a href="#summary">back to summary</a></p>
<h2 id="m66">TestCases:accountRegistration_4</h2>
<div>
[32m
Notification button located![0m<br/>
[32m
Successfully clicked passed Notification Screen![0m<br/>
[32m
'Sign up' button clicked![0m<br/>
[32m
User is navigated to 'Sign up' page![0m<br/>
</div>
<p class="totop"><a href="#summary">back to summary</a></p>
<h2 id="m67">TestCases:LogIn_11</h2>
<table cellspacing="0" cellpadding="0" class="result">
<tr class="param"><th>Parameter #1</th></tr>
<tr class="param stripe"><td>Login{, email=&apos;xoheto3034@ngopy.com&apos;, password=&apos;Xoheto3034&apos;}</td>
</tr>
<tr><td>
[32m
Successfully clicked passed Notification Screen![0m<br/>
[32m
'Log in ' button clicked![0m<br/>
[32m
[0m<br/>
[32m
[0m<br/>
[32m
'Next' button successfully clicked![0m<br/>
[32m
'Log in' screen appeared![0m<br/>
[38;2;255;165;0m
Can't login with invalid credentials![0m<br/>
</td></tr>
</table>
<p class="totop"><a href="#summary">back to summary</a></p>
<h2 id="m68">TestCases:accountRegistration_7</h2>
<table cellspacing="0" cellpadding="0" class="result">
<tr class="param"><th>Parameter #1</th></tr>
<tr class="param stripe"><td>Password{, password=&apos;qwekwei1932&apos;}</td>
</tr>
<tr><td>
[32m
Notification button located![0m<br/>
[32m
Successfully clicked passed Notification Screen![0m<br/>
[32m
'Sign up' button clicked![0m<br/>
[32m
'Accept terms' checked![0m<br/>
[32m
[0m<br/>
[32m
[0m<br/>
[32m
'Create account' button clicked![0m<br/>
[32m
No accounts can be created with invalid Password![0m<br/>
</td></tr>
</table>
<p class="totop"><a href="#summary">back to summary</a></p>
<h2 id="m69">TestCases:LogIn_11</h2>
<table cellspacing="0" cellpadding="0" class="result">
<tr class="param"><th>Parameter #1</th></tr>
<tr class="param stripe"><td>Login{, email=&apos;xoheto3034@ngopy!.com&apos;, password=&apos;XOhet&apos;}</td>
</tr>
<tr><td>
[32m
Successfully clicked passed Notification Screen![0m<br/>
[32m
'Log in ' button clicked![0m<br/>
[32m
[0m<br/>
[32m
[0m<br/>
[32m
'Next' button successfully clicked![0m<br/>
[32m
'Log in' screen appeared![0m<br/>
[38;2;255;165;0m
Can't login with invalid credentials![0m<br/>
</td></tr>
</table>
<p class="totop"><a href="#summary">back to summary</a></p>
<h2 id="m70">TestCases:LogIn_11</h2>
<table cellspacing="0" cellpadding="0" class="result">
<tr class="param"><th>Parameter #1</th></tr>
<tr class="param stripe"><td>Login{, email=&apos;aaaaaaaaaaaaaaaaaaaaaaaaaaaaaaaaaaaaaaaaaaaaaaaaaaaaaaaaaaaaaaaaaaaaaaaaaaaaaaaaaaaaaaaaaaaaaaaaaaaaaaaaaaaaaaaaaaaaaaaaaaaaaaaaaaaaaaaaaaaaaaaaaaaaaaaaaaaaaaaaaaaaaaaaaaaaaaaaaaaaaaaaaaaaaaaaaaaaaaaaaaaaaaaaaaaaaaaaaaaaaaaaaaaaaaaaaaaaaaaaaaaaaaaaaaaaaaaaaaaaaaaaaaaaaa@ngopy.com&apos;, password=&apos;A1!aaaaaaaaaaaaaaaaaaaaaaaaaaaaaaaaaaaaaaaaaaaaaaaaaaaaaaaaaaaaaaaaaaaaaaaaaaaaaaaaaaaaaaaaaaaaaaaaaaaaaaaaaaaaaaaaaaaaaaaaaaaaaaaaaaaaaaaaaaaaaaaaaaaaaaaaaaaaaaaaaaaaaaaaaaaaaaaaaaaaaaaaaaaaaaaaaaaaaaaaaaaaaaaaaaaaaaaaaaaaaaaaaaaaaaaaaaaaaaaaaaaaaaaaaaaaaaaaaaaaaaaaaaaaaa&apos;}</td>
</tr>
<tr><td>
[32m
Successfully clicked passed Notification Screen![0m<br/>
[32m
'Log in ' button clicked![0m<br/>
[32m
[0m<br/>
[32m
[0m<br/>
[32m
'Next' button successfully clicked![0m<br/>
[32m
'Log in' screen appeared![0m<br/>
[38;2;255;165;0m
Can't login with invalid credentials![0m<br/>
</td></tr>
</table>
<p class="totop"><a href="#summary">back to summary</a></p>
<h2 id="m71">TestCases:LogIn_11</h2>
<table cellspacing="0" cellpadding="0" class="result">
<tr class="param"><th>Parameter #1</th></tr>
<tr class="param stripe"><td>Login{, email=&apos;xoheto3034@ngopy.com&apos;, password=&apos;Xoheto!&apos;}</td>
</tr>
<tr><td>
[32m
Successfully clicked passed Notification Screen![0m<br/>
[32m
'Log in ' button clicked![0m<br/>
[32m
[0m<br/>
[32m
[0m<br/>
[32m
'Next' button successfully clicked![0m<br/>
[32m
'Log in' screen appeared![0m<br/>
[38;2;255;165;0m
Can't login with invalid credentials![0m<br/>
</td></tr>
</table>
<p class="totop"><a href="#summary">back to summary</a></p>
<h2 id="m72">TestCases:accountRegistration_6</h2>
<table cellspacing="0" cellpadding="0" class="result">
<tr class="param"><th>Parameter #1</th></tr>
<tr class="param stripe"><td>Email{, email=&apos;xoheto3034@ngopy.&apos;}</td>
</tr>
<tr><td>
[32m
Notification button located![0m<br/>
[32m
Successfully clicked passed Notification Screen![0m<br/>
[32m
'Sign up' button clicked![0m<br/>
[32m
'Accept terms' checked![0m<br/>
[32m
[0m<br/>
[32m
[0m<br/>
[32m
'Create account' button clicked![0m<br/>
[32m
No accounts can be created with invalid email![0m<br/>
</td></tr>
</table>
<p class="totop"><a href="#summary">back to summary</a></p>
<h2 id="m73">TestCases:LogIn_11</h2>
<table cellspacing="0" cellpadding="0" class="result">
<tr class="param"><th>Parameter #1</th></tr>
<tr class="param stripe"><td>Login{, email=&apos;xoheto3034@ngpy.com&apos;, password=&apos;XOHETOTBN&apos;}</td>
</tr>
<tr><td>
[32m
Successfully clicked passed Notification Screen![0m<br/>
[32m
'Log in ' button clicked![0m<br/>
[32m
[0m<br/>
[32m
[0m<br/>
[32m
'Next' button successfully clicked![0m<br/>
[32m
'Log in' screen appeared![0m<br/>
[38;2;255;165;0m
Can't login with invalid credentials![0m<br/>
</td></tr>
</table>
<p class="totop"><a href="#summary">back to summary</a></p>
<h2 id="m74">TestCases:accountRegistration_7</h2>
<table cellspacing="0" cellpadding="0" class="result">
<tr class="param"><th>Parameter #1</th></tr>
<tr class="param stripe"><td>Password{, password=&apos;qwekwei1932!&apos;}</td>
</tr>
<tr><td>
[32m
Notification button located![0m<br/>
[32m
Successfully clicked passed Notification Screen![0m<br/>
[32m
'Sign up' button clicked![0m<br/>
[32m
'Accept terms' checked![0m<br/>
[32m
[0m<br/>
[32m
[0m<br/>
[32m
'Create account' button clicked![0m<br/>
[32m
No accounts can be created with invalid Password![0m<br/>
</td></tr>
</table>
<p class="totop"><a href="#summary">back to summary</a></p>
<h2 id="m75">TestCases:accountRegistration_7</h2>
<table cellspacing="0" cellpadding="0" class="result">
<tr class="param"><th>Parameter #1</th></tr>
<tr class="param stripe"><td>Password{, password=&apos;@£%^1932!&apos;}</td>
</tr>
<tr><td>
[32m
Notification button located![0m<br/>
[32m
Successfully clicked passed Notification Screen![0m<br/>
[32m
'Sign up' button clicked![0m<br/>
[32m
'Accept terms' checked![0m<br/>
[32m
[0m<br/>
[32m
[0m<br/>
[32m
'Create account' button clicked![0m<br/>
[32m
No accounts can be created with invalid Password![0m<br/>
</td></tr>
</table>
<p class="totop"><a href="#summary">back to summary</a></p>
<h2 id="m76">TestCases:LogIn_11</h2>
<table cellspacing="0" cellpadding="0" class="result">
<tr class="param"><th>Parameter #1</th></tr>
<tr class="param stripe"><td>Login{, email=&apos;xoheto3034@ngopy.can&apos;, password=&apos;Xoheto&apos;}</td>
</tr>
<tr><td>
[32m
Successfully clicked passed Notification Screen![0m<br/>
[32m
'Log in ' button clicked![0m<br/>
[32m
[0m<br/>
[32m
[0m<br/>
[32m
'Next' button successfully clicked![0m<br/>
[32m
'Log in' screen appeared![0m<br/>
[38;2;255;165;0m
Can't login with invalid credentials![0m<br/>
</td></tr>
</table>
<p class="totop"><a href="#summary">back to summary</a></p>
<h2 id="m77">TestCases:appDownload_2</h2>
<div>
[32m
Notification button located![0m<br/>
[32m
Successfully clicked passed Notification Screen![0m<br/>
</div>
<p class="totop"><a href="#summary">back to summary</a></p>
<h2 id="m78">TestCases:wishListFunctionality_24</h2>
<div>
[32m
Successfully clicked passed Notification Screen![0m<br/>
[32m
'Log in ' button clicked![0m<br/>
[32m
Successfully entered email![0m<br/>
[32m
Password entered successfully![0m<br/>
[32m
'Next' button successfully clicked![0m<br/>
[32m
'Consent' screen 'Next' button clicked![0m<br/>
[32m
'Skip' button successfully clicked![0m<br/>
[32m
[0m<br/>
[32m
Successfully clicked on 'More options' button![0m<br/>
[32m
Successfully clicked on 'remove' button![0m<br/>
[32m
Wishlist is empty![0m<br/>
</div>
<p class="totop"><a href="#summary">back to summary</a></p>
<h2 id="m79">TestCases:accountRegistration_5</h2>
<div>
[32m
Notification button located![0m<br/>
[32m
Successfully clicked passed Notification Screen![0m<br/>
[32m
'Log in ' button clicked![0m<br/>
[32m
'Join now' button clicked![0m<br/>
[32m
User is navigated to 'Sign up' page![0m<br/>
</div>
<p class="totop"><a href="#summary">back to summary</a></p>
<h2 id="m80">TestCases:accountRegistration_6</h2>
<table cellspacing="0" cellpadding="0" class="result">
<tr class="param"><th>Parameter #1</th></tr>
<tr class="param stripe"><td>Email{, email=&apos;xoheto3034@ngopy.com.&apos;}</td>
</tr>
<tr><td>
[32m
Notification button located![0m<br/>
[32m
Successfully clicked passed Notification Screen![0m<br/>
[32m
'Sign up' button clicked![0m<br/>
[32m
'Accept terms' checked![0m<br/>
[32m
[0m<br/>
[32m
[0m<br/>
[32m
'Create account' button clicked![0m<br/>
[32m
No accounts can be created with invalid email![0m<br/>
</td></tr>
</table>
<p class="totop"><a href="#summary">back to summary</a></p>
<h2 id="m81">TestCases:appUninstallation_3</h2>
<div>
[32m
Package installed successfully.[0m<br/>
[32m
App uninstalled successfully![0m<br/>
</div>
<p class="totop"><a href="#summary">back to summary</a></p>
<h2 id="m82">TestCases:accountRegistration_6</h2>
<table cellspacing="0" cellpadding="0" class="result">
<tr class="param"><th>Parameter #1</th></tr>
<tr class="param stripe"><td>Email{, email=&apos;&apos;}</td>
</tr>
<tr><td>
[32m
Notification button located![0m<br/>
[32m
Successfully clicked passed Notification Screen![0m<br/>
[32m
'Sign up' button clicked![0m<br/>
[32m
'Accept terms' checked![0m<br/>
[32m
[0m<br/>
[32m
[0m<br/>
[32m
'Create account' button clicked![0m<br/>
[32m
No accounts can be created with invalid email![0m<br/>
</td></tr>
</table>
<p class="totop"><a href="#summary">back to summary</a></p>
<h2 id="m83">TestCases:accountRegistration_6</h2>
<table cellspacing="0" cellpadding="0" class="result">
<tr class="param"><th>Parameter #1</th></tr>
<tr class="param stripe"><td>Email{, email=&apos;@ngopy.com&apos;}</td>
</tr>
<tr><td>
[32m
Notification button located![0m<br/>
[32m
Successfully clicked passed Notification Screen![0m<br/>
[32m
'Sign up' button clicked![0m<br/>
[32m
'Accept terms' checked![0m<br/>
[32m
[0m<br/>
[32m
[0m<br/>
[32m
'Create account' button clicked![0m<br/>
[32m
No accounts can be created with invalid email![0m<br/>
</td></tr>
</table>
<p class="totop"><a href="#summary">back to summary</a></p>
<h2 id="m84">TestCases:LogIn_11</h2>
<table cellspacing="0" cellpadding="0" class="result">
<tr class="param"><th>Parameter #1</th></tr>
<tr class="param stripe"><td>Login{, email=&apos;xoheto3034@ng4opy.com&apos;, password=&apos;#$%^&amp;!@#!&apos;}</td>
</tr>
<tr><td>
[32m
Successfully clicked passed Notification Screen![0m<br/>
[32m
'Log in ' button clicked![0m<br/>
[32m
[0m<br/>
[32m
[0m<br/>
[32m
'Next' button successfully clicked![0m<br/>
[32m
'Log in' screen appeared![0m<br/>
[38;2;255;165;0m
Can't login with invalid credentials![0m<br/>
</td></tr>
</table>
<p class="totop"><a href="#summary">back to summary</a></p>
<h2 id="m85">TestCases:LogIn_11</h2>
<table cellspacing="0" cellpadding="0" class="result">
<tr class="param"><th>Parameter #1</th></tr>
<tr class="param stripe"><td>Login{, email=&apos;xoheto3034@.com&apos;, password=&apos;Xoheto3034!&apos;}</td>
</tr>
<tr><td>
[32m
Successfully clicked passed Notification Screen![0m<br/>
[32m
'Log in ' button clicked![0m<br/>
[32m
[0m<br/>
[32m
[0m<br/>
[32m
'Next' button successfully clicked![0m<br/>
[32m
'Log in' screen appeared![0m<br/>
[38;2;255;165;0m
Can't login with invalid credentials![0m<br/>
</td></tr>
</table>
<p class="totop"><a href="#summary">back to summary</a></p>
</body></html>
